{"logTime": "1205/205157", "correlationVector":"3sf85cmTza6wgT07fVd0dx","action":"SyncServerConnectionManagerRequest", "result":"SYNC_SERVER_OK", "context":{"environment":"", "migrationStage":"", "server":""}}
{"logTime": "1205/205157", "correlationVector":"+XEV4O/S9xTHT9imuVQM6J","action":"Initial GetUpdates", "result":"", "context":Reason: NEW_CLIENT. cV=+XEV4O/S9xTHT9imuVQM6J}
{"logTime": "1205/205157", "correlationVector":"+XEV4O/S9xTHT9imuVQM6J.2","action":"GetUpdates Response", "result":"Success", "context":Received 1 update(s). cV=+XEV4O/S9xTHT9imuVQM6J.0;server=GENERAL0100001D;cloudType=Consumer;environment=Prod_WestEurope_000l;migrationStage=NotStarted}
{"logTime": "1205/205157", "correlationVector":"2GFbvuQXBwbo8Sj0z+Y55I","action":"Initial GetUpdates", "result":"", "context":Reason: NEWLY_SUPPORTED_DATATYPE. cV=2GFbvuQXBwbo8Sj0z+Y55I}
{"logTime": "1205/205158", "correlationVector":"2GFbvuQXBwbo8Sj0z+Y55I.1","action":"SyncServerConnectionManagerRequest", "result":"SYNC_SERVER_OK", "context":{"environment":"Prod_WestEurope_000l", "migrationStage":"NotStarted", "server":"GENERAL0100001C"}}
{"logTime": "1205/205158", "correlationVector":"2GFbvuQXBwbo8Sj0z+Y55I.2","action":"GetUpdates", "result":"DeleteReceived", "context":{"id":"97069a6d-8bd5-4b36-abe2-c8eb024e9837", "isDeleted:":"true", "version":"1730748386165"}}
{"logTime": "1205/205158", "correlationVector":"2GFbvuQXBwbo8Sj0z+Y55I.3","action":"GetUpdates Response", "result":"Success", "context":Received 58 update(s). cV=2GFbvuQXBwbo8Sj0z+Y55I.0;server=GENERAL0100001C;cloudType=Consumer;environment=Prod_WestEurope_000l;migrationStage=NotStarted}
{"logTime": "1205/205158", "correlationVector":"Y/N52AeRxXnWldH+geLn+O","action":"Normal GetUpdate request", "result":"", "context":cV=Y/N52AeRxXnWldH+geLn+O
Nudged types: Sessions, Device Info, History
Refresh requested types: Bookmarks, Preferences, Passwords, Autofill Profiles, Autofill, Extensions, Sessions, Extension settings, History Delete Directives, Device Info, User Consents, Send Tab To Self, Web Apps, History, Collection, Edge E Drop, Edge Hub App Usage, Edge Tab Group, Edge Wallet, Encryption Keys}
{"logTime": "1205/205158", "correlationVector":"Y/N52AeRxXnWldH+geLn+O.1","action":"SyncServerConnectionManagerRequest", "result":"SYNC_SERVER_OK", "context":{"environment":"Prod_WestEurope_000l", "migrationStage":"NotStarted", "server":"GENERAL01000000"}}
{"logTime": "1205/205158", "correlationVector":"Y/N52AeRxXnWldH+geLn+O.2","action":"GetUpdates Response", "result":"Success", "context":Received 5 update(s). cV=Y/N52AeRxXnWldH+geLn+O.0;server=GENERAL01000000;cloudType=Consumer;environment=Prod_WestEurope_000l;migrationStage=NotStarted}
{"logTime": "1205/205158", "correlationVector":"ISRh+UFpPIc02dVUw0qBqD","action":"Commit Request", "result":"", "context":Item count: 5
Contributing types: Sessions, Device Info, History}
{"logTime": "1205/205159", "correlationVector":"ISRh+UFpPIc02dVUw0qBqD.1","action":"SyncServerConnectionManagerRequest", "result":"SYNC_SERVER_OK", "context":{"environment":"Prod_WestEurope_000l", "migrationStage":"NotStarted", "server":"GENERAL0100001J"}}
{"logTime": "1205/205159", "correlationVector":"ISRh+UFpPIc02dVUw0qBqD.2","action":"Commit Response", "result":"Success", "context":Result: Success. cV=ISRh+UFpPIc02dVUw0qBqD.0;server=GENERAL0100001J;cloudType=Consumer;environment=Prod_WestEurope_000l;migrationStage=NotStarted}
{"logTime": "1205/205159", "correlationVector":"ISRh+UFpPIc02dVUw0qBqD.3","action":"Commit.Sessions", "result":"Success", "context":{"id":"979327c3-ca22-4a98-8583-baab9d143899", "isDeleted":"true", "size":"0", "version":"1733431722665"}}
{"logTime": "1205/205235", "correlationVector":"2dWVmL6DFiD2VpQfR2v3CS","action":"Commit Request", "result":"", "context":Item count: 7
Contributing types: Sessions, History}
{"logTime": "1205/205236", "correlationVector":"2dWVmL6DFiD2VpQfR2v3CS.1","action":"SyncServerConnectionManagerRequest", "result":"SYNC_SERVER_OK", "context":{"environment":"Prod_WestEurope_000l", "migrationStage":"NotStarted", "server":"GENERAL01000008"}}
{"logTime": "1205/205236", "correlationVector":"2dWVmL6DFiD2VpQfR2v3CS.2","action":"Commit Response", "result":"Success", "context":Result: Success. cV=2dWVmL6DFiD2VpQfR2v3CS.0;server=GENERAL01000008;cloudType=Consumer;environment=Prod_WestEurope_000l;migrationStage=NotStarted}
{"logTime": "1205/205401", "correlationVector":"Xc8rkedJGWTXLLI+XBm3ss","action":"Commit Request", "result":"", "context":Item count: 1
Contributing types: Sessions}
{"logTime": "1205/205402", "correlationVector":"Xc8rkedJGWTXLLI+XBm3ss.1","action":"SyncServerConnectionManagerRequest", "result":"SYNC_SERVER_OK", "context":{"environment":"Prod_WestEurope_000l", "migrationStage":"NotStarted", "server":"GENERAL0100001K"}}
{"logTime": "1205/205402", "correlationVector":"Xc8rkedJGWTXLLI+XBm3ss.2","action":"Commit Response", "result":"Success", "context":Result: Success. cV=Xc8rkedJGWTXLLI+XBm3ss.0;server=GENERAL0100001K;cloudType=Consumer;environment=Prod_WestEurope_000l;migrationStage=NotStarted}
{"logTime": "1205/205434", "correlationVector":"BCc1rRii6Nm5xYu0KAOITb","action":"Commit Request", "result":"", "context":Item count: 4
Contributing types: Sessions, History}
{"logTime": "1205/205435", "correlationVector":"BCc1rRii6Nm5xYu0KAOITb.1","action":"SyncServerConnectionManagerRequest", "result":"SYNC_SERVER_OK", "context":{"environment":"Prod_NorthEurope_000h", "migrationStage":"NotStarted", "server":"GENERAL0100001L"}}
{"logTime": "1205/205435", "correlationVector":"BCc1rRii6Nm5xYu0KAOITb.2","action":"Commit Response", "result":"Success", "context":Result: Success. cV=BCc1rRii6Nm5xYu0KAOITb.0;server=GENERAL0100001L;cloudType=Consumer;environment=Prod_NorthEurope_000h;migrationStage=NotStarted}
{"logTime": "1205/205656", "correlationVector":"SsOO36VHfiVK1ja0+2ELbO","action":"Normal GetUpdate request", "result":"", "context":cV=SsOO36VHfiVK1ja0+2ELbO
Refresh requested types: Bookmarks, Preferences, Passwords, Autofill Profiles, Autofill, Extensions, Sessions, Extension settings, History Delete Directives, Device Info, User Consents, Send Tab To Self, Web Apps, History, Collection, Edge E Drop, Edge Hub App Usage, Edge Tab Group, Edge Wallet, Encryption Keys}
{"logTime": "1205/205659", "correlationVector":"SsOO36VHfiVK1ja0+2ELbO.1","action":"SyncServerConnectionManagerRequest", "result":"SYNC_SERVER_OK", "context":{"environment":"Prod_WestEurope_000l", "migrationStage":"NotStarted", "server":"general0100000Y"}}
{"logTime": "1205/205659", "correlationVector":"SsOO36VHfiVK1ja0+2ELbO.2","action":"GetUpdates", "result":"DeleteReceived", "context":{"id":"979327c3-ca22-4a98-8583-baab9d143899", "isDeleted:":"true", "version":"1733431919219"}}
{"logTime": "1205/205659", "correlationVector":"SsOO36VHfiVK1ja0+2ELbO.3","action":"GetUpdates Response", "result":"Success", "context":Received 13 update(s). cV=SsOO36VHfiVK1ja0+2ELbO.0;server=general0100000Y;cloudType=Consumer;environment=Prod_WestEurope_000l;migrationStage=NotStarted}
{"logTime": "1205/215235", "correlationVector":"l7ZHZkBpejxJowTaJuO5rx.1","action":"SyncServerConnectionManagerRequest", "result":"SYNC_SERVER_OK", "context":{"environment":"Prod_WestEurope_000l", "migrationStage":"NotStarted", "server":"GENERAL0100000R"}}
{"logTime": "1205/215236", "correlationVector":"Se2XYkT93TUPuW+D5Y0enl","action":"SyncServerConnectionManagerRequest", "result":"SYNC_SERVER_OK", "context":{"environment":"", "migrationStage":"", "server":""}}
{"logTime": "1205/215236", "correlationVector":"l7ZHZkBpejxJowTaJuO5rx","action":"Initial GetUpdates", "result":"", "context":Reason: NEW_CLIENT. cV=l7ZHZkBpejxJowTaJuO5rx}
{"logTime": "1205/215236", "correlationVector":"l7ZHZkBpejxJowTaJuO5rx.2","action":"GetUpdates Response", "result":"Success", "context":Received 1 update(s). cV=l7ZHZkBpejxJowTaJuO5rx.0;server=GENERAL0100000R;cloudType=Consumer;environment=Prod_WestEurope_000l;migrationStage=NotStarted}
{"logTime": "1205/215236", "correlationVector":"6jSPBu6/iWfEuAAjS/kium","action":"Initial GetUpdates", "result":"", "context":Reason: NEWLY_SUPPORTED_DATATYPE. cV=6jSPBu6/iWfEuAAjS/kium}
{"logTime": "1205/215237", "correlationVector":"6jSPBu6/iWfEuAAjS/kium.1","action":"SyncServerConnectionManagerRequest", "result":"SYNC_SERVER_OK", "context":{"environment":"Prod_WestEurope_000l", "migrationStage":"NotStarted", "server":"GENERAL01000008"}}
{"logTime": "1205/215237", "correlationVector":"6jSPBu6/iWfEuAAjS/kium.2","action":"GetUpdates", "result":"DeleteReceived", "context":{"id":"97069a6d-8bd5-4b36-abe2-c8eb024e9837", "isDeleted:":"true", "version":"1730748386165"}}
{"logTime": "1205/215237", "correlationVector":"6jSPBu6/iWfEuAAjS/kium.3","action":"GetUpdates Response", "result":"Success", "context":Received 58 update(s). cV=6jSPBu6/iWfEuAAjS/kium.0;server=GENERAL01000008;cloudType=Consumer;environment=Prod_WestEurope_000l;migrationStage=NotStarted}
{"logTime": "1205/215237", "correlationVector":"GMzF4zil8ieaCb2FooYpOT","action":"Normal GetUpdate request", "result":"", "context":cV=GMzF4zil8ieaCb2FooYpOT
Nudged types: Sessions, Device Info, History
Refresh requested types: Bookmarks, Preferences, Passwords, Autofill Profiles, Autofill, Extensions, Sessions, Extension settings, History Delete Directives, Device Info, User Consents, Send Tab To Self, Web Apps, History, Collection, Edge E Drop, Edge Hub App Usage, Edge Tab Group, Edge Wallet, Encryption Keys}
{"logTime": "1205/215237", "correlationVector":"GMzF4zil8ieaCb2FooYpOT.1","action":"SyncServerConnectionManagerRequest", "result":"SYNC_SERVER_OK", "context":{"environment":"Prod_WestEurope_000l", "migrationStage":"NotStarted", "server":"GENERAL01000017"}}
{"logTime": "1205/215237", "correlationVector":"GMzF4zil8ieaCb2FooYpOT.2","action":"GetUpdates Response", "result":"Success", "context":Received 0 update(s). cV=GMzF4zil8ieaCb2FooYpOT.0;server=GENERAL01000017;cloudType=Consumer;environment=Prod_WestEurope_000l;migrationStage=NotStarted}
{"logTime": "1205/215237", "correlationVector":"LW5Y79ruaF9ANkh4TKdVx5","action":"Commit Request", "result":"", "context":Item count: 5
Contributing types: Sessions, Device Info, History}
{"logTime": "1205/215238", "correlationVector":"LW5Y79ruaF9ANkh4TKdVx5.1","action":"SyncServerConnectionManagerRequest", "result":"SYNC_SERVER_OK", "context":{"environment":"Prod_WestEurope_000l", "migrationStage":"NotStarted", "server":"GENERAL0100001L"}}
{"logTime": "1205/215238", "correlationVector":"LW5Y79ruaF9ANkh4TKdVx5.2","action":"Commit Response", "result":"Success", "context":Result: Success. cV=LW5Y79ruaF9ANkh4TKdVx5.0;server=GENERAL0100001L;cloudType=Consumer;environment=Prod_WestEurope_000l;migrationStage=NotStarted}
{"logTime": "1205/215238", "correlationVector":"LW5Y79ruaF9ANkh4TKdVx5.3","action":"Commit.Sessions", "result":"Success", "context":{"id":"e38f2fa1-543b-4b87-a7f9-6e6914ed1f8a", "isDeleted":"true", "size":"0", "version":"1733432075175"}}
{"logTime": "1205/215313", "correlationVector":"jSZOIFCKGusl3D2pwq88bf","action":"Commit Request", "result":"", "context":Item count: 7
Contributing types: Sessions, History}
{"logTime": "1205/215314", "correlationVector":"jSZOIFCKGusl3D2pwq88bf.1","action":"SyncServerConnectionManagerRequest", "result":"SYNC_SERVER_OK", "context":{"environment":"Prod_WestEurope_000l", "migrationStage":"NotStarted", "server":"GENERAL01000005"}}
{"logTime": "1205/215314", "correlationVector":"jSZOIFCKGusl3D2pwq88bf.2","action":"Commit Response", "result":"Success", "context":Result: Success. cV=jSZOIFCKGusl3D2pwq88bf.0;server=GENERAL01000005;cloudType=Consumer;environment=Prod_WestEurope_000l;migrationStage=NotStarted}
{"logTime": "1205/215554", "correlationVector":"g7IGn+ee0isufT8jmk7cNN","action":"Commit Request", "result":"", "context":Item count: 1
Contributing types: Sessions}
{"logTime": "1205/215554", "correlationVector":"g7IGn+ee0isufT8jmk7cNN.1","action":"SyncServerConnectionManagerRequest", "result":"SYNC_SERVER_OK", "context":{"environment":"Prod_WestEurope_000l", "migrationStage":"NotStarted", "server":"GENERAL01000016"}}
{"logTime": "1205/215554", "correlationVector":"g7IGn+ee0isufT8jmk7cNN.2","action":"Commit Response", "result":"Success", "context":Result: Success. cV=g7IGn+ee0isufT8jmk7cNN.0;server=GENERAL01000016;cloudType=Consumer;environment=Prod_WestEurope_000l;migrationStage=NotStarted}
{"logTime": "1205/215734", "correlationVector":"Eko8ojKSYhQdmYSbvb1qUV","action":"Normal GetUpdate request", "result":"", "context":cV=Eko8ojKSYhQdmYSbvb1qUV
Refresh requested types: Bookmarks, Preferences, Passwords, Autofill Profiles, Autofill, Extensions, Sessions, Extension settings, History Delete Directives, Device Info, User Consents, Send Tab To Self, Web Apps, History, Collection, Edge E Drop, Edge Hub App Usage, Edge Tab Group, Edge Wallet, Encryption Keys}
{"logTime": "1205/215737", "correlationVector":"Eko8ojKSYhQdmYSbvb1qUV.1","action":"SyncServerConnectionManagerRequest", "result":"SYNC_SERVER_OK", "context":{"environment":"Prod_WestEurope_000l", "migrationStage":"NotStarted", "server":"GENERAL01000015"}}
{"logTime": "1205/215737", "correlationVector":"Eko8ojKSYhQdmYSbvb1qUV.2","action":"GetUpdates", "result":"DeleteReceived", "context":{"id":"e38f2fa1-543b-4b87-a7f9-6e6914ed1f8a", "isDeleted:":"true", "version":"1733435557934"}}
{"logTime": "1205/215737", "correlationVector":"Eko8ojKSYhQdmYSbvb1qUV.3","action":"GetUpdates Response", "result":"Success", "context":Received 11 update(s). cV=Eko8ojKSYhQdmYSbvb1qUV.0;server=GENERAL01000015;cloudType=Consumer;environment=Prod_WestEurope_000l;migrationStage=NotStarted}
{"logTime": "1205/215940", "correlationVector":"/nk+9Mf/AK2kFBnKDlWdBg","action":"Commit Request", "result":"", "context":Item count: 3
Contributing types: Sessions, History}
{"logTime": "1205/215941", "correlationVector":"/nk+9Mf/AK2kFBnKDlWdBg.1","action":"SyncServerConnectionManagerRequest", "result":"SYNC_SERVER_OK", "context":{"environment":"Prod_WestEurope_000l", "migrationStage":"NotStarted", "server":"GENERAL0100000M"}}
{"logTime": "1205/215941", "correlationVector":"/nk+9Mf/AK2kFBnKDlWdBg.2","action":"Commit Response", "result":"Success", "context":Result: Success. cV=/nk+9Mf/AK2kFBnKDlWdBg.0;server=GENERAL0100000M;cloudType=Consumer;environment=Prod_WestEurope_000l;migrationStage=NotStarted}
{"logTime": "1205/220011", "correlationVector":"N8FbL4UaaqALDU+SV2ZtBE","action":"Commit Request", "result":"", "context":Item count: 3
Contributing types: Sessions, History}
{"logTime": "1205/220012", "correlationVector":"N8FbL4UaaqALDU+SV2ZtBE.1","action":"SyncServerConnectionManagerRequest", "result":"SYNC_SERVER_OK", "context":{"environment":"Prod_WestEurope_000l", "migrationStage":"NotStarted", "server":"GENERAL0100000N"}}
{"logTime": "1205/220012", "correlationVector":"N8FbL4UaaqALDU+SV2ZtBE.2","action":"Commit Response", "result":"Success", "context":Result: Success. cV=N8FbL4UaaqALDU+SV2ZtBE.0;server=GENERAL0100000N;cloudType=Consumer;environment=Prod_WestEurope_000l;migrationStage=NotStarted}
{"logTime": "1205/220346", "correlationVector":"dN+MdfQuw59E/8C7qrFLHo","action":"Commit Request", "result":"", "context":Item count: 1
Contributing types: Sessions}
{"logTime": "1205/220346", "correlationVector":"dN+MdfQuw59E/8C7qrFLHo.1","action":"SyncServerConnectionManagerRequest", "result":"SYNC_SERVER_OK", "context":{"environment":"Prod_WestEurope_000l", "migrationStage":"NotStarted", "server":"GENERAL0100000S"}}
{"logTime": "1205/220346", "correlationVector":"dN+MdfQuw59E/8C7qrFLHo.2","action":"Commit Response", "result":"Success", "context":Result: Success. cV=dN+MdfQuw59E/8C7qrFLHo.0;server=GENERAL0100000S;cloudType=Consumer;environment=Prod_WestEurope_000l;migrationStage=NotStarted}
{"logTime": "1205/221602", "correlationVector":"X8B59YEDAfXSkKoDJImJgT.1","action":"SyncServerConnectionManagerRequest", "result":"SYNC_SERVER_OK", "context":{"environment":"Prod_WestEurope_000l", "migrationStage":"NotStarted", "server":"GENERAL0100000P"}}
{"logTime": "1205/221602", "correlationVector":"xl08ymOsyZ1hzfFV3tp6Lf","action":"SyncServerConnectionManagerRequest", "result":"SYNC_SERVER_OK", "context":{"environment":"", "migrationStage":"", "server":""}}
{"logTime": "1205/221602", "correlationVector":"X8B59YEDAfXSkKoDJImJgT","action":"Initial GetUpdates", "result":"", "context":Reason: NEW_CLIENT. cV=X8B59YEDAfXSkKoDJImJgT}
{"logTime": "1205/221602", "correlationVector":"X8B59YEDAfXSkKoDJImJgT.2","action":"GetUpdates Response", "result":"Success", "context":Received 1 update(s). cV=X8B59YEDAfXSkKoDJImJgT.0;server=GENERAL0100000P;cloudType=Consumer;environment=Prod_WestEurope_000l;migrationStage=NotStarted}
{"logTime": "1205/221602", "correlationVector":"NlTghBiVOlqOS87QDW3jLJ","action":"Initial GetUpdates", "result":"", "context":Reason: NEWLY_SUPPORTED_DATATYPE. cV=NlTghBiVOlqOS87QDW3jLJ}
{"logTime": "1205/221603", "correlationVector":"NlTghBiVOlqOS87QDW3jLJ.1","action":"SyncServerConnectionManagerRequest", "result":"SYNC_SERVER_OK", "context":{"environment":"Prod_WestEurope_000l", "migrationStage":"NotStarted", "server":"GENERAL01000013"}}
{"logTime": "1205/221603", "correlationVector":"NlTghBiVOlqOS87QDW3jLJ.2","action":"GetUpdates", "result":"DeleteReceived", "context":{"id":"97069a6d-8bd5-4b36-abe2-c8eb024e9837", "isDeleted:":"true", "version":"1730748386165"}}
{"logTime": "1205/221603", "correlationVector":"NlTghBiVOlqOS87QDW3jLJ.3","action":"GetUpdates Response", "result":"Success", "context":Received 58 update(s). cV=NlTghBiVOlqOS87QDW3jLJ.0;server=GENERAL01000013;cloudType=Consumer;environment=Prod_WestEurope_000l;migrationStage=NotStarted}
{"logTime": "1205/221603", "correlationVector":"qTCmckxen1ja2ZEVIf3k7C","action":"Normal GetUpdate request", "result":"", "context":cV=qTCmckxen1ja2ZEVIf3k7C
Nudged types: Sessions, Device Info, History
Refresh requested types: Bookmarks, Preferences, Passwords, Autofill Profiles, Autofill, Extensions, Sessions, Extension settings, History Delete Directives, Device Info, User Consents, Send Tab To Self, Web Apps, History, Collection, Edge E Drop, Edge Hub App Usage, Edge Tab Group, Edge Wallet, Encryption Keys}
{"logTime": "1205/221603", "correlationVector":"qTCmckxen1ja2ZEVIf3k7C.1","action":"SyncServerConnectionManagerRequest", "result":"SYNC_SERVER_OK", "context":{"environment":"Prod_WestEurope_000l", "migrationStage":"NotStarted", "server":"GENERAL01000018"}}
{"logTime": "1205/221603", "correlationVector":"qTCmckxen1ja2ZEVIf3k7C.2","action":"GetUpdates Response", "result":"Success", "context":Received 4 update(s). cV=qTCmckxen1ja2ZEVIf3k7C.0;server=GENERAL01000018;cloudType=Consumer;environment=Prod_WestEurope_000l;migrationStage=NotStarted}
{"logTime": "1205/221603", "correlationVector":"2kg5Mohys8BG4Mz41S4Ydz","action":"Commit Request", "result":"", "context":Item count: 5
Contributing types: Sessions, Device Info, History}
{"logTime": "1205/221604", "correlationVector":"2kg5Mohys8BG4Mz41S4Ydz.1","action":"SyncServerConnectionManagerRequest", "result":"SYNC_SERVER_OK", "context":{"environment":"Prod_WestEurope_000l", "migrationStage":"NotStarted", "server":"GENERAL01000011"}}
{"logTime": "1205/221604", "correlationVector":"2kg5Mohys8BG4Mz41S4Ydz.2","action":"Commit Response", "result":"Success", "context":Result: Success. cV=2kg5Mohys8BG4Mz41S4Ydz.0;server=GENERAL01000011;cloudType=Consumer;environment=Prod_WestEurope_000l;migrationStage=NotStarted}
{"logTime": "1205/221604", "correlationVector":"2kg5Mohys8BG4Mz41S4Ydz.3","action":"Commit.Sessions", "result":"Success", "context":{"id":"cebb77b9-5c03-4c8d-8afb-e8ad48685c89", "isDeleted":"true", "size":"0", "version":"1733436226582"}}
{"logTime": "1205/221646", "correlationVector":"2XNwgREBHwHcguepmxwaVC","action":"Commit Request", "result":"", "context":Item count: 7
Contributing types: Sessions, History}
{"logTime": "1205/221647", "correlationVector":"2XNwgREBHwHcguepmxwaVC.1","action":"SyncServerConnectionManagerRequest", "result":"SYNC_SERVER_OK", "context":{"environment":"Prod_WestEurope_000l", "migrationStage":"NotStarted", "server":"GENERAL0100000C"}}
{"logTime": "1205/221647", "correlationVector":"2XNwgREBHwHcguepmxwaVC.2","action":"Commit Response", "result":"Success", "context":Result: Success. cV=2XNwgREBHwHcguepmxwaVC.0;server=GENERAL0100000C;cloudType=Consumer;environment=Prod_WestEurope_000l;migrationStage=NotStarted}
{"logTime": "1205/221724", "correlationVector":"2vfcLW/NsCt9X1M5gbu9W5","action":"Commit Request", "result":"", "context":Item count: 1
Contributing types: History}
{"logTime": "1205/221724", "correlationVector":"2vfcLW/NsCt9X1M5gbu9W5.1","action":"SyncServerConnectionManagerRequest", "result":"SYNC_SERVER_OK", "context":{"environment":"Prod_WestEurope_000l", "migrationStage":"NotStarted", "server":"GENERAL01000004"}}
{"logTime": "1205/221724", "correlationVector":"2vfcLW/NsCt9X1M5gbu9W5.2","action":"Commit Response", "result":"Success", "context":Result: Success. cV=2vfcLW/NsCt9X1M5gbu9W5.0;server=GENERAL01000004;cloudType=Consumer;environment=Prod_WestEurope_000l;migrationStage=NotStarted}
{"logTime": "1205/221925", "correlationVector":"o6KydYCl2gRA2q1CBWrHi0","action":"Commit Request", "result":"", "context":Item count: 1
Contributing types: Device Info}
{"logTime": "1205/221926", "correlationVector":"o6KydYCl2gRA2q1CBWrHi0.1","action":"SyncServerConnectionManagerRequest", "result":"SYNC_SERVER_OK", "context":{"environment":"Prod_WestEurope_000l", "migrationStage":"NotStarted", "server":"general0100000H"}}
{"logTime": "1205/221926", "correlationVector":"o6KydYCl2gRA2q1CBWrHi0.2","action":"Commit Response", "result":"Success", "context":Result: Success. cV=o6KydYCl2gRA2q1CBWrHi0.0;server=general0100000H;cloudType=Consumer;environment=Prod_WestEurope_000l;migrationStage=NotStarted}
{"logTime": "1205/222058", "correlationVector":"ga4NfD6h1dEdzRR2/Zzzah","action":"Commit Request", "result":"", "context":Item count: 5
Contributing types: Sessions, History}
{"logTime": "1205/222059", "correlationVector":"ga4NfD6h1dEdzRR2/Zzzah.1","action":"SyncServerConnectionManagerRequest", "result":"SYNC_SERVER_OK", "context":{"environment":"Prod_WestEurope_000l", "migrationStage":"NotStarted", "server":"GENERAL01000016"}}
{"logTime": "1205/222059", "correlationVector":"ga4NfD6h1dEdzRR2/Zzzah.2","action":"Commit Response", "result":"Success", "context":Result: Success. cV=ga4NfD6h1dEdzRR2/Zzzah.0;server=GENERAL01000016;cloudType=Consumer;environment=Prod_WestEurope_000l;migrationStage=NotStarted}
{"logTime": "1205/222100", "correlationVector":"vniAKKB1Tfby01c60+HH6C","action":"Normal GetUpdate request", "result":"", "context":cV=vniAKKB1Tfby01c60+HH6C
Refresh requested types: Bookmarks, Preferences, Passwords, Autofill Profiles, Autofill, Extensions, Sessions, Extension settings, History Delete Directives, Device Info, User Consents, Send Tab To Self, Web Apps, History, Collection, Edge E Drop, Edge Hub App Usage, Edge Tab Group, Edge Wallet, Encryption Keys}
{"logTime": "1205/222100", "correlationVector":"vniAKKB1Tfby01c60+HH6C.1","action":"SyncServerConnectionManagerRequest", "result":"SYNC_SERVER_OK", "context":{"environment":"Prod_WestEurope_000l", "migrationStage":"NotStarted", "server":"GENERAL0100000K"}}
{"logTime": "1205/222100", "correlationVector":"vniAKKB1Tfby01c60+HH6C.2","action":"GetUpdates", "result":"DeleteReceived", "context":{"id":"cebb77b9-5c03-4c8d-8afb-e8ad48685c89", "isDeleted:":"true", "version":"1733436964054"}}
{"logTime": "1205/222100", "correlationVector":"vniAKKB1Tfby01c60+HH6C.3","action":"GetUpdates Response", "result":"Success", "context":Received 14 update(s). cV=vniAKKB1Tfby01c60+HH6C.0;server=GENERAL0100000K;cloudType=Consumer;environment=Prod_WestEurope_000l;migrationStage=NotStarted}
{"logTime": "1205/222454", "correlationVector":"GTN3WPcWPve3ZTX+x6fOaj","action":"Commit Request", "result":"", "context":Item count: 3
Contributing types: Sessions, History}
{"logTime": "1205/222455", "correlationVector":"GTN3WPcWPve3ZTX+x6fOaj.1","action":"SyncServerConnectionManagerRequest", "result":"SYNC_SERVER_OK", "context":{"environment":"Prod_WestEurope_000l", "migrationStage":"NotStarted", "server":"GENERAL0100001I"}}
{"logTime": "1205/222455", "correlationVector":"GTN3WPcWPve3ZTX+x6fOaj.2","action":"Commit Response", "result":"Success", "context":Result: Success. cV=GTN3WPcWPve3ZTX+x6fOaj.0;server=GENERAL0100001I;cloudType=Consumer;environment=Prod_WestEurope_000l;migrationStage=NotStarted}
{"logTime": "1205/222515", "correlationVector":"BSYa5zp2PrgEvMtSsLqNao","action":"Commit Request", "result":"", "context":Item count: 1
Contributing types: Device Info}
{"logTime": "1205/222516", "correlationVector":"BSYa5zp2PrgEvMtSsLqNao.1","action":"SyncServerConnectionManagerRequest", "result":"SYNC_SERVER_OK", "context":{"environment":"Prod_WestEurope_000l", "migrationStage":"NotStarted", "server":"GENERAL0100000I"}}
{"logTime": "1205/222516", "correlationVector":"BSYa5zp2PrgEvMtSsLqNao.2","action":"Commit Response", "result":"Success", "context":Result: Success. cV=BSYa5zp2PrgEvMtSsLqNao.0;server=GENERAL0100000I;cloudType=Consumer;environment=Prod_WestEurope_000l;migrationStage=NotStarted}
{"logTime": "1205/222600", "correlationVector":"aXOEcN2zWYreREOit6S/Ew","action":"Normal GetUpdate request", "result":"", "context":cV=aXOEcN2zWYreREOit6S/Ew
Refresh requested types: Bookmarks, Preferences, Passwords, Autofill Profiles, Autofill, Extensions, Sessions, Extension settings, History Delete Directives, Device Info, User Consents, Send Tab To Self, Web Apps, History, Collection, Edge E Drop, Edge Hub App Usage, Edge Tab Group, Edge Wallet, Encryption Keys}
{"logTime": "1205/222600", "correlationVector":"aXOEcN2zWYreREOit6S/Ew.1","action":"SyncServerConnectionManagerRequest", "result":"SYNC_SERVER_OK", "context":{"environment":"Prod_WestEurope_000l", "migrationStage":"NotStarted", "server":"GENERAL01000001"}}
{"logTime": "1205/222600", "correlationVector":"aXOEcN2zWYreREOit6S/Ew.2","action":"GetUpdates Response", "result":"Success", "context":Received 4 update(s). cV=aXOEcN2zWYreREOit6S/Ew.0;server=GENERAL01000001;cloudType=Consumer;environment=Prod_WestEurope_000l;migrationStage=NotStarted}
{"logTime": "1205/222634", "correlationVector":"BVt+JNa7u3UvYvVhrOpucL","action":"Commit Request", "result":"", "context":Item count: 3
Contributing types: Sessions, History}
{"logTime": "1205/222634", "correlationVector":"BVt+JNa7u3UvYvVhrOpucL.1","action":"SyncServerConnectionManagerRequest", "result":"SYNC_SERVER_OK", "context":{"environment":"Prod_WestEurope_000l", "migrationStage":"NotStarted", "server":"GENERAL0100000L"}}
{"logTime": "1205/222634", "correlationVector":"BVt+JNa7u3UvYvVhrOpucL.2","action":"Commit Response", "result":"Success", "context":Result: Success. cV=BVt+JNa7u3UvYvVhrOpucL.0;server=GENERAL0100000L;cloudType=Consumer;environment=Prod_WestEurope_000l;migrationStage=NotStarted}
{"logTime": "1205/232314", "correlationVector":"xdjwYnkLvvUwwe5oOo8Dmz.1","action":"SyncServerConnectionManagerRequest", "result":"SYNC_SERVER_OK", "context":{"environment":"Prod_WestEurope_000l", "migrationStage":"NotStarted", "server":"GENERAL0100000C"}}
{"logTime": "1205/232315", "correlationVector":"RePLyUDvobwdK9PKi/d46L","action":"SyncServerConnectionManagerRequest", "result":"SYNC_SERVER_OK", "context":{"environment":"", "migrationStage":"", "server":""}}
{"logTime": "1205/232315", "correlationVector":"xdjwYnkLvvUwwe5oOo8Dmz","action":"Initial GetUpdates", "result":"", "context":Reason: NEW_CLIENT. cV=xdjwYnkLvvUwwe5oOo8Dmz}
{"logTime": "1205/232315", "correlationVector":"xdjwYnkLvvUwwe5oOo8Dmz.2","action":"GetUpdates Response", "result":"Success", "context":Received 1 update(s). cV=xdjwYnkLvvUwwe5oOo8Dmz.0;server=GENERAL0100000C;cloudType=Consumer;environment=Prod_WestEurope_000l;migrationStage=NotStarted}
{"logTime": "1205/232315", "correlationVector":"JjtJBR+OFHBhhh7KBWXk3N","action":"Initial GetUpdates", "result":"", "context":Reason: NEWLY_SUPPORTED_DATATYPE. cV=JjtJBR+OFHBhhh7KBWXk3N}
{"logTime": "1205/232316", "correlationVector":"JjtJBR+OFHBhhh7KBWXk3N.1","action":"SyncServerConnectionManagerRequest", "result":"SYNC_SERVER_OK", "context":{"environment":"Prod_WestEurope_000l", "migrationStage":"NotStarted", "server":"GENERAL0100000P"}}
{"logTime": "1205/232316", "correlationVector":"JjtJBR+OFHBhhh7KBWXk3N.2","action":"GetUpdates", "result":"DeleteReceived", "context":{"id":"97069a6d-8bd5-4b36-abe2-c8eb024e9837", "isDeleted:":"true", "version":"1730748386165"}}
{"logTime": "1205/232316", "correlationVector":"JjtJBR+OFHBhhh7KBWXk3N.3","action":"GetUpdates Response", "result":"Success", "context":Received 58 update(s). cV=JjtJBR+OFHBhhh7KBWXk3N.0;server=GENERAL0100000P;cloudType=Consumer;environment=Prod_WestEurope_000l;migrationStage=NotStarted}
{"logTime": "1205/232316", "correlationVector":"8QBAD/mQNB7DWwT6EJsubW","action":"Normal GetUpdate request", "result":"", "context":cV=8QBAD/mQNB7DWwT6EJsubW
Nudged types: Sessions, Device Info, History
Refresh requested types: Bookmarks, Preferences, Passwords, Autofill Profiles, Autofill, Extensions, Sessions, Extension settings, History Delete Directives, Device Info, User Consents, Send Tab To Self, Web Apps, History, Collection, Edge E Drop, Edge Hub App Usage, Edge Tab Group, Edge Wallet, Encryption Keys}
{"logTime": "1205/232316", "correlationVector":"8QBAD/mQNB7DWwT6EJsubW.1","action":"SyncServerConnectionManagerRequest", "result":"SYNC_SERVER_OK", "context":{"environment":"Prod_WestEurope_000l", "migrationStage":"NotStarted", "server":"GENERAL01000009"}}
{"logTime": "1205/232316", "correlationVector":"8QBAD/mQNB7DWwT6EJsubW.2","action":"GetUpdates Response", "result":"Success", "context":Received 3 update(s). cV=8QBAD/mQNB7DWwT6EJsubW.0;server=GENERAL01000009;cloudType=Consumer;environment=Prod_WestEurope_000l;migrationStage=NotStarted}
{"logTime": "1205/232316", "correlationVector":"ptZ+Ev5Tye1+52KqLLLk5s","action":"Commit Request", "result":"", "context":Item count: 5
Contributing types: Sessions, Device Info, History}
{"logTime": "1205/232317", "correlationVector":"ptZ+Ev5Tye1+52KqLLLk5s.1","action":"SyncServerConnectionManagerRequest", "result":"SYNC_SERVER_OK", "context":{"environment":"Prod_WestEurope_000l", "migrationStage":"NotStarted", "server":"GENERAL01000015"}}
{"logTime": "1205/232317", "correlationVector":"ptZ+Ev5Tye1+52KqLLLk5s.3","action":"Commit.Sessions", "result":"Success", "context":{"id":"6cc95bc3-9629-44ba-ae5d-8a5cb58da4f0", "isDeleted":"true", "size":"0", "version":"1733437594570"}}
{"logTime": "1205/232317", "correlationVector":"ptZ+Ev5Tye1+52KqLLLk5s.2","action":"Commit Response", "result":"Success", "context":Result: Success. cV=ptZ+Ev5Tye1+52KqLLLk5s.0;server=GENERAL01000015;cloudType=Consumer;environment=Prod_WestEurope_000l;migrationStage=NotStarted}
{"logTime": "1205/232427", "correlationVector":"9SVZGY/RWIMHGJpTdHbz1u","action":"Commit Request", "result":"", "context":Item count: 7
Contributing types: Sessions, History}
{"logTime": "1205/232428", "correlationVector":"9SVZGY/RWIMHGJpTdHbz1u.1","action":"SyncServerConnectionManagerRequest", "result":"SYNC_SERVER_OK", "context":{"environment":"Prod_WestEurope_000l", "migrationStage":"NotStarted", "server":"GENERAL0100000B"}}
{"logTime": "1205/232428", "correlationVector":"9SVZGY/RWIMHGJpTdHbz1u.2","action":"Commit Response", "result":"Success", "context":Result: Success. cV=9SVZGY/RWIMHGJpTdHbz1u.0;server=GENERAL0100000B;cloudType=Consumer;environment=Prod_WestEurope_000l;migrationStage=NotStarted}
{"logTime": "1205/232751", "correlationVector":"1nsBUDs6jtIxZiKfhUTZju","action":"Commit Request", "result":"", "context":Item count: 1
Contributing types: Sessions}
{"logTime": "1205/232753", "correlationVector":"1nsBUDs6jtIxZiKfhUTZju.1","action":"SyncServerConnectionManagerRequest", "result":"SYNC_SERVER_OK", "context":{"environment":"Prod_WestEurope_000l", "migrationStage":"NotStarted", "server":"GENERAL0100000T"}}
{"logTime": "1205/232753", "correlationVector":"1nsBUDs6jtIxZiKfhUTZju.2","action":"Commit Response", "result":"Success", "context":Result: Success. cV=1nsBUDs6jtIxZiKfhUTZju.0;server=GENERAL0100000T;cloudType=Consumer;environment=Prod_WestEurope_000l;migrationStage=NotStarted}
{"logTime": "1205/232807", "correlationVector":"quwrS8tAIejDPwUVdmV7/o","action":"Normal GetUpdate request", "result":"", "context":cV=quwrS8tAIejDPwUVdmV7/o
Refresh requested types: Bookmarks, Preferences, Passwords, Autofill Profiles, Autofill, Extensions, Sessions, Extension settings, History Delete Directives, Device Info, User Consents, Send Tab To Self, Web Apps, History, Collection, Edge E Drop, Edge Hub App Usage, Edge Tab Group, Edge Wallet, Encryption Keys}
{"logTime": "1205/232812", "correlationVector":"quwrS8tAIejDPwUVdmV7/o.1","action":"SyncServerConnectionManagerRequest", "result":"SYNC_SERVER_OK", "context":{"environment":"Prod_WestEurope_000l", "migrationStage":"NotStarted", "server":"GENERAL0100000A"}}
{"logTime": "1205/232812", "correlationVector":"quwrS8tAIejDPwUVdmV7/o.2","action":"GetUpdates", "result":"DeleteReceived", "context":{"id":"6cc95bc3-9629-44ba-ae5d-8a5cb58da4f0", "isDeleted:":"true", "version":"1733440996898"}}
{"logTime": "1205/232812", "correlationVector":"quwrS8tAIejDPwUVdmV7/o.3","action":"GetUpdates Response", "result":"Success", "context":Received 11 update(s). cV=quwrS8tAIejDPwUVdmV7/o.0;server=GENERAL0100000A;cloudType=Consumer;environment=Prod_WestEurope_000l;migrationStage=NotStarted}
{"logTime": "1205/233421", "correlationVector":"mZFu72jUDAGNjNU73aIukK","action":"Normal GetUpdate request", "result":"", "context":cV=mZFu72jUDAGNjNU73aIukK
Nudged types: Device Info
Refresh requested types: Bookmarks, Preferences, Passwords, Autofill Profiles, Autofill, Extensions, Sessions, Extension settings, History Delete Directives, Device Info, User Consents, Send Tab To Self, Web Apps, History, Collection, Edge E Drop, Edge Hub App Usage, Edge Tab Group, Edge Wallet, Encryption Keys}
{"logTime": "1205/233421", "correlationVector":"mZFu72jUDAGNjNU73aIukK.1","action":"SyncServerConnectionManagerRequest", "result":"SYNC_SERVER_OK", "context":{"environment":"Prod_WestEurope_000l", "migrationStage":"NotStarted", "server":"GENERAL0100000V"}}
{"logTime": "1205/233421", "correlationVector":"mZFu72jUDAGNjNU73aIukK.2","action":"GetUpdates Response", "result":"Success", "context":Received 0 update(s). cV=mZFu72jUDAGNjNU73aIukK.0;server=GENERAL0100000V;cloudType=Consumer;environment=Prod_WestEurope_000l;migrationStage=NotStarted}
{"logTime": "1205/233421", "correlationVector":"BXb8yZXHFz+s/UHnWPHn94","action":"Commit Request", "result":"", "context":Item count: 1
Contributing types: Device Info}
{"logTime": "1205/233422", "correlationVector":"BXb8yZXHFz+s/UHnWPHn94.1","action":"SyncServerConnectionManagerRequest", "result":"SYNC_SERVER_OK", "context":{"environment":"Prod_WestEurope_000l", "migrationStage":"NotStarted", "server":"GENERAL01000005"}}
{"logTime": "1205/233422", "correlationVector":"BXb8yZXHFz+s/UHnWPHn94.2","action":"Commit Response", "result":"Success", "context":Result: Success. cV=BXb8yZXHFz+s/UHnWPHn94.0;server=GENERAL01000005;cloudType=Consumer;environment=Prod_WestEurope_000l;migrationStage=NotStarted}
{"logTime": "1205/233425", "correlationVector":"/zoxmO/rppFOksNB+Shz52","action":"Commit Request", "result":"", "context":Item count: 1
Contributing types: Device Info}
{"logTime": "1205/233426", "correlationVector":"/zoxmO/rppFOksNB+Shz52.1","action":"SyncServerConnectionManagerRequest", "result":"SYNC_SERVER_OK", "context":{"environment":"Prod_WestEurope_000l", "migrationStage":"NotStarted", "server":"GENERAL0100000N"}}
{"logTime": "1205/233426", "correlationVector":"/zoxmO/rppFOksNB+Shz52.2","action":"Commit Response", "result":"Success", "context":Result: Success. cV=/zoxmO/rppFOksNB+Shz52.0;server=GENERAL0100000N;cloudType=Consumer;environment=Prod_WestEurope_000l;migrationStage=NotStarted}
{"logTime": "1205/233516", "correlationVector":"N2rpkEPFBD5bNvsahhraVP","action":"Commit Request", "result":"", "context":Item count: 1
Contributing types: Sessions}
{"logTime": "1205/233517", "correlationVector":"N2rpkEPFBD5bNvsahhraVP.1","action":"SyncServerConnectionManagerRequest", "result":"SYNC_SERVER_OK", "context":{"environment":"Prod_WestEurope_000l", "migrationStage":"NotStarted", "server":"GENERAL01000018"}}
{"logTime": "1205/233517", "correlationVector":"N2rpkEPFBD5bNvsahhraVP.2","action":"Commit Response", "result":"Success", "context":Result: Success. cV=N2rpkEPFBD5bNvsahhraVP.0;server=GENERAL01000018;cloudType=Consumer;environment=Prod_WestEurope_000l;migrationStage=NotStarted}
{"logTime": "1205/233921", "correlationVector":"ejM5hxZAnIVNX0tb3T2zLY","action":"Normal GetUpdate request", "result":"", "context":cV=ejM5hxZAnIVNX0tb3T2zLY
Refresh requested types: Bookmarks, Preferences, Passwords, Autofill Profiles, Autofill, Extensions, Sessions, Extension settings, History Delete Directives, Device Info, User Consents, Send Tab To Self, Web Apps, History, Collection, Edge E Drop, Edge Hub App Usage, Edge Tab Group, Edge Wallet, Encryption Keys}
{"logTime": "1205/233922", "correlationVector":"ejM5hxZAnIVNX0tb3T2zLY.1","action":"SyncServerConnectionManagerRequest", "result":"SYNC_SERVER_OK", "context":{"environment":"Prod_WestEurope_000l", "migrationStage":"NotStarted", "server":"GENERAL0100001G"}}
{"logTime": "1205/233922", "correlationVector":"ejM5hxZAnIVNX0tb3T2zLY.2","action":"GetUpdates Response", "result":"Success", "context":Received 2 update(s). cV=ejM5hxZAnIVNX0tb3T2zLY.0;server=GENERAL0100001G;cloudType=Consumer;environment=Prod_WestEurope_000l;migrationStage=NotStarted}
{"logTime": "1205/234152", "correlationVector":"cmv5BApwtMGLPHGGH6h6J9","action":"Commit Request", "result":"", "context":Item count: 1
Contributing types: Device Info}
{"logTime": "1205/234153", "correlationVector":"cmv5BApwtMGLPHGGH6h6J9.1","action":"SyncServerConnectionManagerRequest", "result":"SYNC_SERVER_OK", "context":{"environment":"Prod_WestEurope_000l", "migrationStage":"NotStarted", "server":"GENERAL01000004"}}
{"logTime": "1205/234153", "correlationVector":"cmv5BApwtMGLPHGGH6h6J9.2","action":"Commit Response", "result":"Success", "context":Result: Success. cV=cmv5BApwtMGLPHGGH6h6J9.0;server=GENERAL01000004;cloudType=Consumer;environment=Prod_WestEurope_000l;migrationStage=NotStarted}
{"logTime": "1205/234421", "correlationVector":"6vH//QvKZKZ5hFHOL/iHB8","action":"Normal GetUpdate request", "result":"", "context":cV=6vH//QvKZKZ5hFHOL/iHB8
Refresh requested types: Bookmarks, Preferences, Passwords, Autofill Profiles, Autofill, Extensions, Sessions, Extension settings, History Delete Directives, Device Info, User Consents, Send Tab To Self, Web Apps, History, Collection, Edge E Drop, Edge Hub App Usage, Edge Tab Group, Edge Wallet, Encryption Keys}
{"logTime": "1205/234422", "correlationVector":"6vH//QvKZKZ5hFHOL/iHB8.1","action":"SyncServerConnectionManagerRequest", "result":"SYNC_SERVER_OK", "context":{"environment":"Prod_WestEurope_000l", "migrationStage":"NotStarted", "server":"GENERAL01000001"}}
{"logTime": "1205/234422", "correlationVector":"6vH//QvKZKZ5hFHOL/iHB8.2","action":"GetUpdates Response", "result":"Success", "context":Received 1 update(s). cV=6vH//QvKZKZ5hFHOL/iHB8.0;server=GENERAL01000001;cloudType=Consumer;environment=Prod_WestEurope_000l;migrationStage=NotStarted}
{"logTime": "1205/234610", "correlationVector":"kT2FppUZ02x421blf9QbBZ","action":"Commit Request", "result":"", "context":Item count: 1
Contributing types: Sessions}
{"logTime": "1205/234611", "correlationVector":"kT2FppUZ02x421blf9QbBZ.1","action":"SyncServerConnectionManagerRequest", "result":"SYNC_SERVER_OK", "context":{"environment":"Prod_WestEurope_000l", "migrationStage":"NotStarted", "server":"GENERAL01000015"}}
{"logTime": "1205/234611", "correlationVector":"kT2FppUZ02x421blf9QbBZ.2","action":"Commit Response", "result":"Success", "context":Result: Success. cV=kT2FppUZ02x421blf9QbBZ.0;server=GENERAL01000015;cloudType=Consumer;environment=Prod_WestEurope_000l;migrationStage=NotStarted}
{"logTime": "1205/235755", "correlationVector":"7gqKtDSIvAU/o1gboudOND","action":"Commit Request", "result":"", "context":Item count: 1
Contributing types: Sessions}
{"logTime": "1205/235756", "correlationVector":"7gqKtDSIvAU/o1gboudOND.1","action":"SyncServerConnectionManagerRequest", "result":"SYNC_SERVER_OK", "context":{"environment":"Prod_WestEurope_000l", "migrationStage":"NotStarted", "server":"GENERAL0100001G"}}
{"logTime": "1205/235756", "correlationVector":"7gqKtDSIvAU/o1gboudOND.2","action":"Commit Response", "result":"Success", "context":Result: Success. cV=7gqKtDSIvAU/o1gboudOND.0;server=GENERAL0100001G;cloudType=Consumer;environment=Prod_WestEurope_000l;migrationStage=NotStarted}
{"logTime": "1205/235859", "correlationVector":"Fbpgi5OC6nrSmoOabl/wHs","action":"Commit Request", "result":"", "context":Item count: 6
Contributing types: Sessions, History}
{"logTime": "1205/235900", "correlationVector":"Fbpgi5OC6nrSmoOabl/wHs.1","action":"SyncServerConnectionManagerRequest", "result":"SYNC_SERVER_OK", "context":{"environment":"Prod_WestEurope_000l", "migrationStage":"NotStarted", "server":"general0100000Y"}}
{"logTime": "1205/235900", "correlationVector":"Fbpgi5OC6nrSmoOabl/wHs.2","action":"Commit Response", "result":"Success", "context":Result: Success. cV=Fbpgi5OC6nrSmoOabl/wHs.0;server=general0100000Y;cloudType=Consumer;environment=Prod_WestEurope_000l;migrationStage=NotStarted}
{"logTime": "1205/235932", "correlationVector":"mWbOT9tX2duiCPuhrqxRAq","action":"Commit Request", "result":"", "context":Item count: 7
Contributing types: Sessions, History}
{"logTime": "1205/235933", "correlationVector":"mWbOT9tX2duiCPuhrqxRAq.1","action":"SyncServerConnectionManagerRequest", "result":"SYNC_SERVER_OK", "context":{"environment":"Prod_WestEurope_000l", "migrationStage":"NotStarted", "server":"GENERAL0100000X"}}
{"logTime": "1205/235933", "correlationVector":"mWbOT9tX2duiCPuhrqxRAq.2","action":"Commit Response", "result":"Success", "context":Result: Success. cV=mWbOT9tX2duiCPuhrqxRAq.0;server=GENERAL0100000X;cloudType=Consumer;environment=Prod_WestEurope_000l;migrationStage=NotStarted}
{"logTime": "1210/211819", "correlationVector":"L1dfWP3j4qZAWgElt/cB2J.1","action":"SyncServerConnectionManagerRequest", "result":"SYNC_SERVER_OK", "context":{"environment":"Prod_WestEurope_000l", "migrationStage":"NotStarted", "server":"GENERAL0100001N"}}
{"logTime": "1210/211822", "correlationVector":"G0VrYIalB6hr3iUB/1eiF8","action":"SyncServerConnectionManagerRequest", "result":"SYNC_SERVER_OK", "context":{"environment":"", "migrationStage":"", "server":""}}
{"logTime": "1210/211822", "correlationVector":"L1dfWP3j4qZAWgElt/cB2J","action":"Initial GetUpdates", "result":"", "context":Reason: NEW_CLIENT. cV=L1dfWP3j4qZAWgElt/cB2J}
{"logTime": "1210/211822", "correlationVector":"L1dfWP3j4qZAWgElt/cB2J.2","action":"GetUpdates Response", "result":"Success", "context":Received 1 update(s). cV=L1dfWP3j4qZAWgElt/cB2J.0;server=GENERAL0100001N;cloudType=Consumer;environment=Prod_WestEurope_000l;migrationStage=NotStarted}
{"logTime": "1210/211822", "correlationVector":"e4hKbsTxykacnP2qOth+s7","action":"Initial GetUpdates", "result":"", "context":Reason: NEWLY_SUPPORTED_DATATYPE. cV=e4hKbsTxykacnP2qOth+s7}
{"logTime": "1210/211826", "correlationVector":"e4hKbsTxykacnP2qOth+s7.1","action":"SyncServerConnectionManagerRequest", "result":"SYNC_SERVER_OK", "context":{"environment":"Prod_WestEurope_000l", "migrationStage":"NotStarted", "server":"GENERAL0100000C"}}
{"logTime": "1210/211826", "correlationVector":"e4hKbsTxykacnP2qOth+s7.2","action":"GetUpdates", "result":"DeleteReceived", "context":{"id":"97069a6d-8bd5-4b36-abe2-c8eb024e9837", "isDeleted:":"true", "version":"1730748386165"}}
{"logTime": "1210/211826", "correlationVector":"e4hKbsTxykacnP2qOth+s7.3","action":"GetUpdates Response", "result":"Success", "context":Received 59 update(s). cV=e4hKbsTxykacnP2qOth+s7.0;server=GENERAL0100000C;cloudType=Consumer;environment=Prod_WestEurope_000l;migrationStage=NotStarted}
{"logTime": "1210/211826", "correlationVector":"LEm8hAJPBQc4dCe+0+78wq","action":"Normal GetUpdate request", "result":"", "context":cV=LEm8hAJPBQc4dCe+0+78wq
Nudged types: Sessions, Device Info, History
Refresh requested types: Bookmarks, Preferences, Passwords, Autofill Profiles, Autofill, Extensions, Sessions, Extension settings, History Delete Directives, Device Info, User Consents, Send Tab To Self, Web Apps, History, Collection, Edge E Drop, Edge Hub App Usage, Edge Tab Group, Edge Wallet, Encryption Keys}
{"logTime": "1210/211826", "correlationVector":"LEm8hAJPBQc4dCe+0+78wq.1","action":"SyncServerConnectionManagerRequest", "result":"SYNC_SERVER_OK", "context":{"environment":"Prod_WestEurope_000l", "migrationStage":"NotStarted", "server":"GENERAL01000006"}}
{"logTime": "1210/211826", "correlationVector":"LEm8hAJPBQc4dCe+0+78wq.2","action":"GetUpdates", "result":"DeleteReceived", "context":{"id":"ce65ef8e-ddee-43de-868e-6af1f7de15cd", "isDeleted:":"true", "version":"1733481112841"}}
{"logTime": "1210/211826", "correlationVector":"LEm8hAJPBQc4dCe+0+78wq.3","action":"GetUpdates", "result":"DeleteReceived", "context":{"id":"33a51cce-0694-4fdd-8bf8-47198ce2192b", "isDeleted:":"true", "version":"1733691388621"}}
{"logTime": "1210/211826", "correlationVector":"LEm8hAJPBQc4dCe+0+78wq.4","action":"GetUpdates", "result":"DeleteReceived", "context":{"id":"109abaa0-2afe-41f2-9ece-8baa81d06f64", "isDeleted:":"true", "version":"1733691490351"}}
{"logTime": "1210/211826", "correlationVector":"LEm8hAJPBQc4dCe+0+78wq.5","action":"GetUpdates", "result":"DeleteReceived", "context":{"id":"ab33a5b3-3d66-4368-b4a1-d1cf9dbf67db", "isDeleted:":"true", "version":"1733734804378"}}
{"logTime": "1210/211826", "correlationVector":"LEm8hAJPBQc4dCe+0+78wq.6","action":"GetUpdates", "result":"DeleteReceived", "context":{"id":"70d9eee0-2a84-490f-8547-4f0f95ac4bf0", "isDeleted:":"true", "version":"1733734804380"}}
{"logTime": "1210/211826", "correlationVector":"LEm8hAJPBQc4dCe+0+78wq.7","action":"GetUpdates", "result":"DeleteReceived", "context":{"id":"10804804-895e-4397-a725-85fd28b42e33", "isDeleted:":"true", "version":"1733734804381"}}
{"logTime": "1210/211826", "correlationVector":"LEm8hAJPBQc4dCe+0+78wq.8","action":"GetUpdates", "result":"DeleteReceived", "context":{"id":"dd9f0dcc-a205-4254-b428-f6889bbd0da3", "isDeleted:":"true", "version":"1733734804382"}}
{"logTime": "1210/211826", "correlationVector":"LEm8hAJPBQc4dCe+0+78wq.9","action":"GetUpdates", "result":"DeleteReceived", "context":{"id":"2847291c-e360-418b-85e6-17549955d1d3", "isDeleted:":"true", "version":"1733863207795"}}
{"logTime": "1210/211826", "correlationVector":"LEm8hAJPBQc4dCe+0+78wq.10","action":"GetUpdates", "result":"DeleteReceived", "context":{"id":"d3218a7c-86c7-4ddf-9c7f-7f7cb1fa254b", "isDeleted:":"true", "version":"1733863207797"}}
{"logTime": "1210/211826", "correlationVector":"LEm8hAJPBQc4dCe+0+78wq.11","action":"GetUpdates", "result":"DeleteReceived", "context":{"id":"b4066632-bc85-4528-a9e4-b5da8786e3d9", "isDeleted:":"true", "version":"1733863207798"}}
{"logTime": "1210/211826", "correlationVector":"LEm8hAJPBQc4dCe+0+78wq.12","action":"GetUpdates", "result":"DeleteReceived", "context":{"id":"502f8636-0550-4df3-997c-fb2c024113f3", "isDeleted:":"true", "version":"1733863207799"}}
{"logTime": "1210/211826", "correlationVector":"LEm8hAJPBQc4dCe+0+78wq.13","action":"GetUpdates Response", "result":"Success", "context":Received 27 update(s). cV=LEm8hAJPBQc4dCe+0+78wq.0;server=GENERAL01000006;cloudType=Consumer;environment=Prod_WestEurope_000l;migrationStage=NotStarted}
{"logTime": "1210/211826", "correlationVector":"DltZFcmKwqiMhxshh4HSq3","action":"Commit Request", "result":"", "context":Item count: 6
Contributing types: History}
{"logTime": "1210/211827", "correlationVector":"DltZFcmKwqiMhxshh4HSq3.1","action":"SyncServerConnectionManagerRequest", "result":"SYNC_SERVER_OK", "context":{"environment":"Prod_WestEurope_000l", "migrationStage":"NotStarted", "server":"GENERAL0100000K"}}
{"logTime": "1210/211827", "correlationVector":"DltZFcmKwqiMhxshh4HSq3.2","action":"Commit Response", "result":"Success", "context":Result: Success. cV=DltZFcmKwqiMhxshh4HSq3.0;server=GENERAL0100000K;cloudType=Consumer;environment=Prod_WestEurope_000l;migrationStage=NotStarted}
{"logTime": "1210/211827", "correlationVector":"1WVP69t8uM1Eo3rK84euKp","action":"Poll GetUpdate request", "result":"", "context":cV=1WVP69t8uM1Eo3rK84euKp}
{"logTime": "1210/211827", "correlationVector":"1WVP69t8uM1Eo3rK84euKp.1","action":"SyncServerConnectionManagerRequest", "result":"SYNC_SERVER_OK", "context":{"environment":"Prod_WestEurope_000l", "migrationStage":"NotStarted", "server":"GENERAL0100000D"}}
{"logTime": "1210/211827", "correlationVector":"1WVP69t8uM1Eo3rK84euKp.2","action":"GetUpdates Response", "result":"Success", "context":Received 6 update(s). cV=1WVP69t8uM1Eo3rK84euKp.0;server=GENERAL0100000D;cloudType=Consumer;environment=Prod_WestEurope_000l;migrationStage=NotStarted}
{"logTime": "1210/211857", "correlationVector":"leGTf70azKeyEPrywKwcPX","action":"Commit Request", "result":"", "context":Item count: 11
Contributing types: Sessions, History}
{"logTime": "1210/211859", "correlationVector":"leGTf70azKeyEPrywKwcPX.1","action":"SyncServerConnectionManagerRequest", "result":"SYNC_SERVER_OK", "context":{"environment":"Prod_WestEurope_000l", "migrationStage":"NotStarted", "server":"GENERAL0100000K"}}
{"logTime": "1210/211859", "correlationVector":"leGTf70azKeyEPrywKwcPX.2","action":"Commit Response", "result":"Success", "context":Result: Success. cV=leGTf70azKeyEPrywKwcPX.0;server=GENERAL0100000K;cloudType=Consumer;environment=Prod_WestEurope_000l;migrationStage=NotStarted}
{"logTime": "1210/211943", "correlationVector":"Azzg3ToRVzrKLVyQXyh2ky","action":"Commit Request", "result":"", "context":Item count: 1
Contributing types: History}
{"logTime": "1210/211944", "correlationVector":"Azzg3ToRVzrKLVyQXyh2ky.1","action":"SyncServerConnectionManagerRequest", "result":"SYNC_SERVER_OK", "context":{"environment":"Prod_WestEurope_000l", "migrationStage":"NotStarted", "server":"GENERAL01000007"}}
{"logTime": "1210/211944", "correlationVector":"Azzg3ToRVzrKLVyQXyh2ky.2","action":"Commit Response", "result":"Success", "context":Result: Success. cV=Azzg3ToRVzrKLVyQXyh2ky.0;server=GENERAL01000007;cloudType=Consumer;environment=Prod_WestEurope_000l;migrationStage=NotStarted}
{"logTime": "1210/212018", "correlationVector":"hYQDsXkmHl0bfcBQbTA22m","action":"Commit Request", "result":"", "context":Item count: 3
Contributing types: Sessions}
{"logTime": "1210/212018", "correlationVector":"hYQDsXkmHl0bfcBQbTA22m.1","action":"SyncServerConnectionManagerRequest", "result":"SYNC_SERVER_OK", "context":{"environment":"Prod_WestEurope_000l", "migrationStage":"NotStarted", "server":"GENERAL01000001"}}
{"logTime": "1210/212018", "correlationVector":"hYQDsXkmHl0bfcBQbTA22m.2","action":"Commit Response", "result":"Success", "context":Result: Success. cV=hYQDsXkmHl0bfcBQbTA22m.0;server=GENERAL01000001;cloudType=Consumer;environment=Prod_WestEurope_000l;migrationStage=NotStarted}
{"logTime": "1210/212120", "correlationVector":"WDdoWa0GBKl5r3SldIVlHh","action":"Commit Request", "result":"", "context":Item count: 1
Contributing types: Sessions}
{"logTime": "1210/212121", "correlationVector":"WDdoWa0GBKl5r3SldIVlHh.1","action":"SyncServerConnectionManagerRequest", "result":"SYNC_SERVER_OK", "context":{"environment":"Prod_WestEurope_000l", "migrationStage":"NotStarted", "server":"GENERAL01000012"}}
{"logTime": "1210/212121", "correlationVector":"WDdoWa0GBKl5r3SldIVlHh.2","action":"Commit Response", "result":"Success", "context":Result: Success. cV=WDdoWa0GBKl5r3SldIVlHh.0;server=GENERAL01000012;cloudType=Consumer;environment=Prod_WestEurope_000l;migrationStage=NotStarted}
{"logTime": "1210/212121", "correlationVector":"WDdoWa0GBKl5r3SldIVlHh.3","action":"Commit.Sessions", "result":"Success", "context":{"id":"375ba57d-88e6-4d6f-87bd-6b95aed85d53", "isDeleted":"true", "size":"0", "version":"1733865616098"}}
{"logTime": "1218/125728", "correlationVector":"FtqY/Xbj75H2wS7TXXjZGh.1","action":"SyncServerConnectionManagerRequest", "result":"SYNC_SERVER_OK", "context":{"environment":"Prod_WestEurope_x00e", "migrationStage":"NotStarted", "server":"GENERAL0200002H"}}
{"logTime": "1218/125754", "correlationVector":"","action":"SyncServerConnectionManagerRequest", "result":"CONNECTION_UNAVAILABLE", "context":{"error_type":"net_error_code", "error_value":"-21"}}
{"logTime": "1218/125754", "correlationVector":"FtqY/Xbj75H2wS7TXXjZGh","action":"Initial GetUpdates", "result":"", "context":Reason: NEW_CLIENT. cV=FtqY/Xbj75H2wS7TXXjZGh}
{"logTime": "1218/125754", "correlationVector":"FtqY/Xbj75H2wS7TXXjZGh.2","action":"GetUpdates Response", "result":"Success", "context":Received 1 update(s). cV=FtqY/Xbj75H2wS7TXXjZGh.0;server=GENERAL0200002H;cloudType=Consumer;environment=Prod_WestEurope_x00e;migrationStage=NotStarted}
{"logTime": "1218/125754", "correlationVector":"A9TvCAseuzgaJWoSepQ16N","action":"Normal GetUpdate request", "result":"", "context":cV=A9TvCAseuzgaJWoSepQ16N
Nudged types: Sessions, Device Info, History
Refresh requested types: Bookmarks, Preferences, Extensions, Sessions, Extension settings, History Delete Directives, Device Info, User Consents, Send Tab To Self, Web Apps, History, Collection, Edge E Drop, Edge Hub App Usage, Edge Tab Group, Edge Wallet, Encryption Keys}
{"logTime": "1218/125759", "correlationVector":"A9TvCAseuzgaJWoSepQ16N","action":"SyncServerConnectionManagerRequest", "result":"CONNECTION_UNAVAILABLE", "context":{"error_type":"net_error_code", "error_value":"-21"}}
{"logTime": "1218/125759", "correlationVector":"aMyLZUbXpLDa4gzvTWssm/.0","action":"GetUpdates Response", "result":"Network error (ERR_NETWORK_CHANGED)", "context":Received error: Network error (ERR_NETWORK_CHANGED). }
{"logTime": "1218/125829", "correlationVector":"aMyLZUbXpLDa4gzvTWssm/.0","action":"SyncServerConnectionManagerRequest", "result":"CONNECTION_UNAVAILABLE", "context":{"error_type":"net_error_code", "error_value":"-105"}}
{"logTime": "1218/125829", "correlationVector":"ObOYauLvoxlc7GY/9E3JW2","action":"Normal GetUpdate request", "result":"", "context":cV=ObOYauLvoxlc7GY/9E3JW2
Nudged types: Sessions, Device Info, History
Refresh requested types: Bookmarks, Preferences, Extensions, Sessions, Extension settings, History Delete Directives, Device Info, User Consents, Send Tab To Self, Web Apps, History, Collection, Edge E Drop, Edge Hub App Usage, Edge Tab Group, Edge Wallet, Encryption Keys}
{"logTime": "1218/125831", "correlationVector":"ObOYauLvoxlc7GY/9E3JW2","action":"SyncServerConnectionManagerRequest", "result":"CONNECTION_UNAVAILABLE", "context":{"error_type":"net_error_code", "error_value":"-21"}}
{"logTime": "1218/125831", "correlationVector":"dWWvLQZ0MkTA5va4Po9Wtl.0","action":"GetUpdates Response", "result":"Network error (ERR_NETWORK_CHANGED)", "context":Received error: Network error (ERR_NETWORK_CHANGED). }
{"logTime": "1218/125831", "correlationVector":"kfWbxB0mP6PssMN4SiteOg","action":"Normal GetUpdate request", "result":"", "context":cV=kfWbxB0mP6PssMN4SiteOg
Nudged types: Sessions, Device Info, History
Refresh requested types: Bookmarks, Preferences, Extensions, Sessions, Extension settings, History Delete Directives, Device Info, User Consents, Send Tab To Self, Web Apps, History, Collection, Edge E Drop, Edge Hub App Usage, Edge Tab Group, Edge Wallet, Encryption Keys}
{"logTime": "1218/125835", "correlationVector":"kfWbxB0mP6PssMN4SiteOg","action":"SyncServerConnectionManagerRequest", "result":"CONNECTION_UNAVAILABLE", "context":{"error_type":"net_error_code", "error_value":"-106"}}
{"logTime": "1218/125835", "correlationVector":"KKcUXlADviwYIh8MBirnw3.0","action":"GetUpdates Response", "result":"Network error (ERR_INTERNET_DISCONNECTED)", "context":Received error: Network error (ERR_INTERNET_DISCONNECTED). }
{"logTime": "1218/125835", "correlationVector":"aCbmYxbLUxMiXDDzXpbVLA","action":"Normal GetUpdate request", "result":"", "context":cV=aCbmYxbLUxMiXDDzXpbVLA
Nudged types: Sessions, Device Info, History
Refresh requested types: Bookmarks, Preferences, Extensions, Sessions, Extension settings, History Delete Directives, Device Info, User Consents, Send Tab To Self, Web Apps, History, Collection, Edge E Drop, Edge Hub App Usage, Edge Tab Group, Edge Wallet, Encryption Keys}
{"logTime": "1218/125835", "correlationVector":"aCbmYxbLUxMiXDDzXpbVLA","action":"SyncServerConnectionManagerRequest", "result":"CONNECTION_UNAVAILABLE", "context":{"error_type":"net_error_code", "error_value":"-106"}}
{"logTime": "1218/125835", "correlationVector":"l5NKGG3OAlUH+HBX9X+AF5.0","action":"GetUpdates Response", "result":"Network error (ERR_INTERNET_DISCONNECTED)", "context":Received error: Network error (ERR_INTERNET_DISCONNECTED). }
{"logTime": "1218/125835", "correlationVector":"l5NKGG3OAlUH+HBX9X+AF5.0","action":"SyncServerConnectionManagerRequest", "result":"CONNECTION_UNAVAILABLE", "context":{"error_type":"net_error_code", "error_value":"-106"}}
{"logTime": "1218/125835", "correlationVector":"","action":"SyncServerConnectionManagerRequest", "result":"CONNECTION_UNAVAILABLE", "context":{"error_type":"net_error_code", "error_value":"-106"}}
{"logTime": "1218/125835", "correlationVector":"","action":"SyncServerConnectionManagerRequest", "result":"CONNECTION_UNAVAILABLE", "context":{"error_type":"net_error_code", "error_value":"-106"}}
{"logTime": "1218/125850", "correlationVector":"c0GUkhLjGKUNrh9qnrX3IS","action":"Normal GetUpdate request", "result":"", "context":cV=c0GUkhLjGKUNrh9qnrX3IS
Nudged types: Sessions, Device Info, History
Refresh requested types: Bookmarks, Preferences, Extensions, Sessions, Extension settings, History Delete Directives, Device Info, User Consents, Send Tab To Self, Web Apps, History, Collection, Edge E Drop, Edge Hub App Usage, Edge Tab Group, Edge Wallet, Encryption Keys}
{"logTime": "1218/125850", "correlationVector":"c0GUkhLjGKUNrh9qnrX3IS","action":"SyncServerConnectionManagerRequest", "result":"CONNECTION_UNAVAILABLE", "context":{"error_type":"net_error_code", "error_value":"-105"}}
{"logTime": "1218/125850", "correlationVector":"xbYd+TEfwJkRQ6O5jYjKw4.0","action":"GetUpdates Response", "result":"Network error (ERR_NAME_NOT_RESOLVED)", "context":Received error: Network error (ERR_NAME_NOT_RESOLVED). }
{"logTime": "1218/125850", "correlationVector":"xbYd+TEfwJkRQ6O5jYjKw4.0","action":"SyncServerConnectionManagerRequest", "result":"CONNECTION_UNAVAILABLE", "context":{"error_type":"net_error_code", "error_value":"-105"}}
{"logTime": "1218/125852", "correlationVector":"9+lPC06PVRPLNdgopqOn4I","action":"Normal GetUpdate request", "result":"", "context":cV=9+lPC06PVRPLNdgopqOn4I
Nudged types: Sessions, Device Info, History
Refresh requested types: Bookmarks, Preferences, Extensions, Sessions, Extension settings, History Delete Directives, Device Info, User Consents, Send Tab To Self, Web Apps, History, Collection, Edge E Drop, Edge Hub App Usage, Edge Tab Group, Edge Wallet, Encryption Keys}
{"logTime": "1218/125900", "correlationVector":"9+lPC06PVRPLNdgopqOn4I.1","action":"SyncServerConnectionManagerRequest", "result":"SYNC_SERVER_OK", "context":{"environment":"Prod_WestEurope_x00e", "migrationStage":"NotStarted", "server":"GENERAL0200000T"}}
{"logTime": "1218/125900", "correlationVector":"9+lPC06PVRPLNdgopqOn4I.2","action":"GetUpdates", "result":"DeleteReceived", "context":{"id":"375ba57d-88e6-4d6f-87bd-6b95aed85d53", "isDeleted:":"true", "version":"1733865678863"}}
{"logTime": "1218/125900", "correlationVector":"9+lPC06PVRPLNdgopqOn4I.3","action":"GetUpdates", "result":"DeleteReceived", "context":{"id":"281fe856-48dd-4045-8768-96be27d8f068", "isDeleted:":"true", "version":"1733922255526"}}
{"logTime": "1218/125900", "correlationVector":"9+lPC06PVRPLNdgopqOn4I.4","action":"GetUpdates", "result":"DeleteReceived", "context":{"id":"03e6ed9d-3a94-45eb-bf3f-9d5af8fce5e1", "isDeleted:":"true", "version":"1733930458957"}}
{"logTime": "1218/125900", "correlationVector":"9+lPC06PVRPLNdgopqOn4I.5","action":"GetUpdates", "result":"DeleteReceived", "context":{"id":"1a86b666-bd1e-4bf6-8828-4faa0b13f17d", "isDeleted:":"true", "version":"1733938496585"}}
{"logTime": "1218/125900", "correlationVector":"9+lPC06PVRPLNdgopqOn4I.6","action":"GetUpdates", "result":"DeleteReceived", "context":{"id":"ed982eef-96ee-4e35-ac9a-51483d3779b3", "isDeleted:":"true", "version":"1733938496587"}}
{"logTime": "1218/125900", "correlationVector":"9+lPC06PVRPLNdgopqOn4I.7","action":"GetUpdates", "result":"DeleteReceived", "context":{"id":"8a208df0-ce9a-46e4-bb91-24d6ab17f0d1", "isDeleted:":"true", "version":"1733938496588"}}
{"logTime": "1218/125900", "correlationVector":"9+lPC06PVRPLNdgopqOn4I.8","action":"GetUpdates", "result":"DeleteReceived", "context":{"id":"cebf8a67-1f37-4ca7-bcaa-7dec9bb09316", "isDeleted:":"true", "version":"1734103659472"}}
{"logTime": "1218/125900", "correlationVector":"9+lPC06PVRPLNdgopqOn4I.9","action":"GetUpdates", "result":"DeleteReceived", "context":{"id":"a071f210-b414-4b99-85b5-b9324159942d", "isDeleted:":"true", "version":"1734114628544"}}
{"logTime": "1218/125900", "correlationVector":"9+lPC06PVRPLNdgopqOn4I.10","action":"GetUpdates", "result":"DeleteReceived", "context":{"id":"2430c0bc-6468-4d0a-b3c0-061bfd4d040d", "isDeleted:":"true", "version":"1734114922002"}}
{"logTime": "1218/125900", "correlationVector":"9+lPC06PVRPLNdgopqOn4I.11","action":"GetUpdates", "result":"DeleteReceived", "context":{"id":"8b37812a-370d-49d5-8944-753c58ad941b", "isDeleted:":"true", "version":"1734115049629"}}
{"logTime": "1218/125900", "correlationVector":"9+lPC06PVRPLNdgopqOn4I.12","action":"GetUpdates", "result":"DeleteReceived", "context":{"id":"24e42bad-85b2-4a60-a977-40984fe5243c", "isDeleted:":"true", "version":"1734280606594"}}
{"logTime": "1218/125900", "correlationVector":"9+lPC06PVRPLNdgopqOn4I.13","action":"GetUpdates", "result":"DeleteReceived", "context":{"id":"87a2cc29-3e78-4d6d-82cd-6c5c4d3379b5", "isDeleted:":"true", "version":"1734283094760"}}
{"logTime": "1218/125900", "correlationVector":"9+lPC06PVRPLNdgopqOn4I.14","action":"GetUpdates Response", "result":"Success", "context":Received 76 update(s). cV=9+lPC06PVRPLNdgopqOn4I.0;server=GENERAL0200000T;cloudType=Consumer;environment=Prod_WestEurope_x00e;migrationStage=NotStarted}
{"logTime": "1218/125900", "correlationVector":"0zWqh+U7bjBDmUji4DCeIK","action":"Commit Request", "result":"", "context":Item count: 5
Contributing types: Sessions, Device Info, History}
{"logTime": "1218/125902", "correlationVector":"0zWqh+U7bjBDmUji4DCeIK.1","action":"SyncServerConnectionManagerRequest", "result":"SYNC_SERVER_OK", "context":{"environment":"Prod_WestEurope_x00e", "migrationStage":"NotStarted", "server":"GENERAL0200000A"}}
{"logTime": "1218/125902", "correlationVector":"0zWqh+U7bjBDmUji4DCeIK.3","action":"Commit.Sessions", "result":"Success", "context":{"id":"c689a6d1-a47a-45c1-8b85-8cb49af6e9eb", "isDeleted":"true", "size":"0", "version":"1733865616100"}}
{"logTime": "1218/125902", "correlationVector":"0zWqh+U7bjBDmUji4DCeIK.2","action":"Commit Response", "result":"Success", "context":Result: Success. cV=0zWqh+U7bjBDmUji4DCeIK.0;server=GENERAL0200000A;cloudType=Consumer;environment=Prod_WestEurope_x00e;migrationStage=NotStarted}
{"logTime": "1218/125904", "correlationVector":"","action":"SyncServerConnectionManagerRequest", "result":"CONNECTION_UNAVAILABLE", "context":{"error_type":"net_error_code", "error_value":"-105"}}
{"logTime": "1218/125904", "correlationVector":"9tFtZg0Q6DS78p9ntPjgYq","action":"Poll GetUpdate request", "result":"", "context":cV=9tFtZg0Q6DS78p9ntPjgYq}
{"logTime": "1218/125905", "correlationVector":"9tFtZg0Q6DS78p9ntPjgYq","action":"SyncServerConnectionManagerRequest", "result":"CONNECTION_UNAVAILABLE", "context":{"error_type":"net_error_code", "error_value":"-21"}}
{"logTime": "1218/125905", "correlationVector":"XCWVwFnDmq4j5mAcOvhHIg.0","action":"GetUpdates Response", "result":"Network error (ERR_NETWORK_CHANGED)", "context":Received error: Network error (ERR_NETWORK_CHANGED). }
{"logTime": "1218/125907", "correlationVector":"XCWVwFnDmq4j5mAcOvhHIg.0","action":"SyncServerConnectionManagerRequest", "result":"CONNECTION_UNAVAILABLE", "context":{"error_type":"net_error_code", "error_value":"-105"}}
{"logTime": "1218/125907", "correlationVector":"PFDy9BOA8Ofno0ngoPJIzA","action":"Poll GetUpdate request", "result":"", "context":cV=PFDy9BOA8Ofno0ngoPJIzA}
{"logTime": "1218/125907", "correlationVector":"PFDy9BOA8Ofno0ngoPJIzA","action":"SyncServerConnectionManagerRequest", "result":"CONNECTION_UNAVAILABLE", "context":{"error_type":"net_error_code", "error_value":"-105"}}
{"logTime": "1218/125907", "correlationVector":"H+EUwwc7vb4MLf0xe/effX.0","action":"GetUpdates Response", "result":"Network error (ERR_NAME_NOT_RESOLVED)", "context":Received error: Network error (ERR_NAME_NOT_RESOLVED). }
{"logTime": "1218/125907", "correlationVector":"H+EUwwc7vb4MLf0xe/effX.0","action":"SyncServerConnectionManagerRequest", "result":"CONNECTION_UNAVAILABLE", "context":{"error_type":"net_error_code", "error_value":"-105"}}
{"logTime": "1218/125921", "correlationVector":"B3TH9Sjux19A1sUQNuC8hL","action":"Poll GetUpdate request", "result":"", "context":cV=B3TH9Sjux19A1sUQNuC8hL}
{"logTime": "1218/125941", "correlationVector":"B3TH9Sjux19A1sUQNuC8hL.1","action":"SyncServerConnectionManagerRequest", "result":"SYNC_SERVER_OK", "context":{"environment":"Prod_WestEurope_x00e", "migrationStage":"NotStarted", "server":"GENERAL01000027"}}
{"logTime": "1218/125941", "correlationVector":"B3TH9Sjux19A1sUQNuC8hL.2","action":"GetUpdates", "result":"DeleteReceived", "context":{"id":"c689a6d1-a47a-45c1-8b85-8cb49af6e9eb", "isDeleted:":"true", "version":"1734526740198"}}
{"logTime": "1218/125941", "correlationVector":"B3TH9Sjux19A1sUQNuC8hL.3","action":"GetUpdates Response", "result":"Success", "context":Received 5 update(s). cV=B3TH9Sjux19A1sUQNuC8hL.0;server=GENERAL01000027;cloudType=Consumer;environment=Prod_WestEurope_x00e;migrationStage=NotStarted}
{"logTime": "1218/125941", "correlationVector":"JsM/cuL6YHDqP+3L2Wpk9y","action":"DoCompareDataConsistency requsted types: ", "result":"Bookmarks, Preferences, Extensions, Extension settings, History Delete Directives, Send Tab To Self, Web Apps, History, Collection, Edge E Drop, Edge Tab Group, Edge Wallet, Encryption Keys"}
{"logTime": "1218/125941", "correlationVector":"JsM/cuL6YHDqP+3L2Wpk9y.0","action":"CompareDataConsistency result: ", "result":"Compare result: Encryption Keys is consistent. local entities count is: 1 local entities hash is: EoCwr4tt0RXVQRhGK5N9irQXx1E="}
{"logTime": "1218/125941", "correlationVector":"JsM/cuL6YHDqP+3L2Wpk9y.1","action":"CompareDataConsistency result: ", "result":"Compare result: Bookmarks is consistent. local entities count is: 4 local entities hash is: spPYpr3dF8DBz/adyHWoa2ZEr/g="}
{"logTime": "1218/125941", "correlationVector":"JsM/cuL6YHDqP+3L2Wpk9y.2","action":"CompareDataConsistency result: ", "result":"Compare result: Preferences is consistent. local entities count is: 54 local entities hash is: 70svxe0RPiBn9nX7ExcxGiRWYXk="}
{"logTime": "1218/125941", "correlationVector":"JsM/cuL6YHDqP+3L2Wpk9y.3","action":"CompareDataConsistency result: ", "result":"Compare result: Extensions is consistent. local entities count is: 0 local entities hash is: "}
{"logTime": "1218/125941", "correlationVector":"JsM/cuL6YHDqP+3L2Wpk9y.4","action":"CompareDataConsistency result: ", "result":"Compare result: Extension settings is consistent. local entities count is: 0 local entities hash is: "}
{"logTime": "1218/125941", "correlationVector":"JsM/cuL6YHDqP+3L2Wpk9y.5","action":"CompareDataConsistency result: ", "result":"Compare result: History Delete Directives is consistent. local entities count is: 0 local entities hash is: "}
{"logTime": "1218/125941", "correlationVector":"JsM/cuL6YHDqP+3L2Wpk9y.6","action":"CompareDataConsistency result: ", "result":"Server did not send this Send Tab To Self local entities count is: 0 local entities hash is: "}
{"logTime": "1218/125941", "correlationVector":"JsM/cuL6YHDqP+3L2Wpk9y.7","action":"CompareDataConsistency result: ", "result":"Compare result: Web Apps is consistent. local entities count is: 0 local entities hash is: "}
{"logTime": "1218/125941", "correlationVector":"JsM/cuL6YHDqP+3L2Wpk9y.8","action":"CompareDataConsistency result: ", "result":"Server did not send this History local entities count is: 0 local entities hash is: "}
{"logTime": "1218/125941", "correlationVector":"JsM/cuL6YHDqP+3L2Wpk9y.9","action":"CompareDataConsistency result: ", "result":"Compare result: Collection is consistent. local entities count is: 0 local entities hash is: "}
{"logTime": "1218/125941", "correlationVector":"JsM/cuL6YHDqP+3L2Wpk9y.10","action":"CompareDataConsistency result: ", "result":"Compare result: Edge E Drop is consistent. local entities count is: 0 local entities hash is: "}
{"logTime": "1218/125941", "correlationVector":"JsM/cuL6YHDqP+3L2Wpk9y.11","action":"CompareDataConsistency result: ", "result":"Compare result: Edge Tab Group is consistent. local entities count is: 0 local entities hash is: "}
{"logTime": "1218/125941", "correlationVector":"JsM/cuL6YHDqP+3L2Wpk9y.12","action":"CompareDataConsistency result: ", "result":"Compare result: Edge Wallet is consistent. local entities count is: 0 local entities hash is: "}
{"logTime": "1218/125942", "correlationVector":"JsM/cuL6YHDqP+3L2Wpk9y.13","action":"SyncServerConnectionManagerRequest", "result":"SYNC_SERVER_OK", "context":{"environment":"", "migrationStage":"", "server":""}}
{"logTime": "1218/125942", "correlationVector":"","action":"DIAGNOSTIC_REQUEST|v1/diagnosticData/Diagnostic.SendCheckResult()|SUCCESS", "result":""}
{"logTime": "1218/125942", "correlationVector":"e48IsTfv7JCpqGdaG9wnLJ","action":"Initial GetUpdates", "result":"", "context":Reason: NEWLY_SUPPORTED_DATATYPE. cV=e48IsTfv7JCpqGdaG9wnLJ}
{"logTime": "1218/125943", "correlationVector":"e48IsTfv7JCpqGdaG9wnLJ.1","action":"SyncServerConnectionManagerRequest", "result":"SYNC_SERVER_OK", "context":{"environment":"Prod_WestEurope_x00e", "migrationStage":"NotStarted", "server":"GENERAL01000007"}}
{"logTime": "1218/125943", "correlationVector":"e48IsTfv7JCpqGdaG9wnLJ.2","action":"GetUpdates", "result":"DeleteReceived", "context":{"id":"97069a6d-8bd5-4b36-abe2-c8eb024e9837", "isDeleted:":"true", "version":"1730748386165"}}
{"logTime": "1218/125943", "correlationVector":"e48IsTfv7JCpqGdaG9wnLJ.3","action":"GetUpdates Response", "result":"Success", "context":Received 59 update(s). cV=e48IsTfv7JCpqGdaG9wnLJ.0;server=GENERAL01000007;cloudType=Consumer;environment=Prod_WestEurope_x00e;migrationStage=NotStarted}
{"logTime": "1218/125943", "correlationVector":"fWgiv7kSzVr6t4852PkcXZ","action":"Normal GetUpdate request", "result":"", "context":cV=fWgiv7kSzVr6t4852PkcXZ
Refresh requested types: Bookmarks, Preferences, Passwords, Autofill Profiles, Autofill, Extensions, Sessions, Extension settings, History Delete Directives, Device Info, User Consents, Send Tab To Self, Web Apps, History, Collection, Edge E Drop, Edge Hub App Usage, Edge Tab Group, Edge Wallet, Encryption Keys}
{"logTime": "1218/125943", "correlationVector":"fWgiv7kSzVr6t4852PkcXZ.1","action":"SyncServerConnectionManagerRequest", "result":"SYNC_SERVER_OK", "context":{"environment":"Prod_WestEurope_x00e", "migrationStage":"NotStarted", "server":"GENERAL02000003"}}
{"logTime": "1218/125943", "correlationVector":"fWgiv7kSzVr6t4852PkcXZ.2","action":"GetUpdates Response", "result":"Success", "context":Received 0 update(s). cV=fWgiv7kSzVr6t4852PkcXZ.0;server=GENERAL02000003;cloudType=Consumer;environment=Prod_WestEurope_x00e;migrationStage=NotStarted}
{"logTime": "1218/130140", "correlationVector":"IyW0rFwIG5fvXOcA8/+nhJ","action":"Normal GetUpdate request", "result":"", "context":cV=IyW0rFwIG5fvXOcA8/+nhJ
Refresh requested types: Bookmarks, Preferences, Passwords, Autofill Profiles, Autofill, Extensions, Sessions, Extension settings, History Delete Directives, Device Info, User Consents, Send Tab To Self, Web Apps, History, Collection, Edge E Drop, Edge Hub App Usage, Edge Tab Group, Edge Wallet, Encryption Keys}
{"logTime": "1218/130238", "correlationVector":"IyW0rFwIG5fvXOcA8/+nhJ.1","action":"SyncServerConnectionManagerRequest", "result":"SYNC_SERVER_OK", "context":{"environment":"Prod_WestEurope_000l", "migrationStage":"NotStarted", "server":"GENERAL01000008"}}
{"logTime": "1218/130238", "correlationVector":"IyW0rFwIG5fvXOcA8/+nhJ.2","action":"GetUpdates Response", "result":"Success", "context":Received 0 update(s). cV=IyW0rFwIG5fvXOcA8/+nhJ.0;server=GENERAL01000008;cloudType=Consumer;environment=Prod_WestEurope_000l;migrationStage=NotStarted}
{"logTime": "1218/171202", "correlationVector":"1k9SdbzzbAX/VoOQ7OYGny.1","action":"SyncServerConnectionManagerRequest", "result":"SYNC_SERVER_OK", "context":{"environment":"Prod_WestEurope_000l", "migrationStage":"NotStarted", "server":"GENERAL0100001H"}}
{"logTime": "1218/171203", "correlationVector":"JEwgXSvKqaEZjf5tucGhM2","action":"SyncServerConnectionManagerRequest", "result":"SYNC_SERVER_OK", "context":{"environment":"", "migrationStage":"", "server":""}}
{"logTime": "1218/171203", "correlationVector":"1k9SdbzzbAX/VoOQ7OYGny","action":"Initial GetUpdates", "result":"", "context":Reason: NEW_CLIENT. cV=1k9SdbzzbAX/VoOQ7OYGny}
{"logTime": "1218/171203", "correlationVector":"1k9SdbzzbAX/VoOQ7OYGny.2","action":"GetUpdates Response", "result":"Success", "context":Received 1 update(s). cV=1k9SdbzzbAX/VoOQ7OYGny.0;server=GENERAL0100001H;cloudType=Consumer;environment=Prod_WestEurope_000l;migrationStage=NotStarted}
{"logTime": "1218/171203", "correlationVector":"3woGwi8dv5R2LYFMTLR3cw","action":"Initial GetUpdates", "result":"", "context":Reason: NEWLY_SUPPORTED_DATATYPE. cV=3woGwi8dv5R2LYFMTLR3cw}
{"logTime": "1218/171203", "correlationVector":"3woGwi8dv5R2LYFMTLR3cw.1","action":"SyncServerConnectionManagerRequest", "result":"SYNC_SERVER_OK", "context":{"environment":"Prod_WestEurope_000l", "migrationStage":"NotStarted", "server":"GENERAL01000006"}}
{"logTime": "1218/171203", "correlationVector":"3woGwi8dv5R2LYFMTLR3cw.2","action":"GetUpdates", "result":"DeleteReceived", "context":{"id":"97069a6d-8bd5-4b36-abe2-c8eb024e9837", "isDeleted:":"true", "version":"1730748386165"}}
{"logTime": "1218/171203", "correlationVector":"3woGwi8dv5R2LYFMTLR3cw.3","action":"GetUpdates Response", "result":"Success", "context":Received 59 update(s). cV=3woGwi8dv5R2LYFMTLR3cw.0;server=GENERAL01000006;cloudType=Consumer;environment=Prod_WestEurope_000l;migrationStage=NotStarted}
{"logTime": "1218/171203", "correlationVector":"dJhhse+F1lRMx8g7vRd0cJ","action":"Normal GetUpdate request", "result":"", "context":cV=dJhhse+F1lRMx8g7vRd0cJ
Nudged types: Sessions, Device Info, History
Refresh requested types: Bookmarks, Preferences, Passwords, Autofill Profiles, Autofill, Extensions, Sessions, Extension settings, History Delete Directives, Device Info, User Consents, Send Tab To Self, Web Apps, History, Collection, Edge E Drop, Edge Hub App Usage, Edge Tab Group, Edge Wallet, Encryption Keys}
{"logTime": "1218/171203", "correlationVector":"dJhhse+F1lRMx8g7vRd0cJ.1","action":"SyncServerConnectionManagerRequest", "result":"SYNC_SERVER_OK", "context":{"environment":"Prod_WestEurope_000l", "migrationStage":"NotStarted", "server":"GENERAL0100000J"}}
{"logTime": "1218/171203", "correlationVector":"dJhhse+F1lRMx8g7vRd0cJ.2","action":"GetUpdates", "result":"DeleteReceived", "context":{"id":"f5d9d261-1158-4448-9186-e7ececb789e9", "isDeleted:":"true", "version":"1734530220311"}}
{"logTime": "1218/171203", "correlationVector":"dJhhse+F1lRMx8g7vRd0cJ.3","action":"GetUpdates Response", "result":"Success", "context":Received 4 update(s). cV=dJhhse+F1lRMx8g7vRd0cJ.0;server=GENERAL0100000J;cloudType=Consumer;environment=Prod_WestEurope_000l;migrationStage=NotStarted}
{"logTime": "1218/171203", "correlationVector":"Ws+IthpahZ1gAgIO7EIuci","action":"Commit Request", "result":"", "context":Item count: 5
Contributing types: Sessions, Device Info, History}
{"logTime": "1218/171204", "correlationVector":"Ws+IthpahZ1gAgIO7EIuci.1","action":"SyncServerConnectionManagerRequest", "result":"SYNC_SERVER_OK", "context":{"environment":"Prod_WestEurope_000l", "migrationStage":"NotStarted", "server":"GENERAL01000002"}}
{"logTime": "1218/171204", "correlationVector":"Ws+IthpahZ1gAgIO7EIuci.3","action":"Commit.Sessions", "result":"Success", "context":{"id":"bf9c0d14-63b4-4da7-bf88-6e3eae0cf016", "isDeleted":"true", "size":"0", "version":"1734526740196"}}
{"logTime": "1218/171204", "correlationVector":"Ws+IthpahZ1gAgIO7EIuci.2","action":"Commit Response", "result":"Success", "context":Result: Success. cV=Ws+IthpahZ1gAgIO7EIuci.0;server=GENERAL01000002;cloudType=Consumer;environment=Prod_WestEurope_000l;migrationStage=NotStarted}
{"logTime": "1218/171238", "correlationVector":"KH96Vyt5V6dEL57DnBpkPQ","action":"Commit Request", "result":"", "context":Item count: 7
Contributing types: Sessions, History}
{"logTime": "1218/171239", "correlationVector":"KH96Vyt5V6dEL57DnBpkPQ.1","action":"SyncServerConnectionManagerRequest", "result":"SYNC_SERVER_OK", "context":{"environment":"Prod_WestEurope_000l", "migrationStage":"NotStarted", "server":"GENERAL0100000Z"}}
{"logTime": "1218/171239", "correlationVector":"KH96Vyt5V6dEL57DnBpkPQ.2","action":"Commit Response", "result":"Success", "context":Result: Success. cV=KH96Vyt5V6dEL57DnBpkPQ.0;server=GENERAL0100000Z;cloudType=Consumer;environment=Prod_WestEurope_000l;migrationStage=NotStarted}
{"logTime": "1218/172739", "correlationVector":"whK5XTc8Blv/LadGBjIkcp.1","action":"SyncServerConnectionManagerRequest", "result":"SYNC_SERVER_OK", "context":{"environment":"Prod_WestEurope_000l", "migrationStage":"NotStarted", "server":"GENERAL01000004"}}
{"logTime": "1218/172741", "correlationVector":"m7btAHm1zhYyhVjlCeOX5N","action":"SyncServerConnectionManagerRequest", "result":"SYNC_SERVER_OK", "context":{"environment":"", "migrationStage":"", "server":""}}
{"logTime": "1218/172741", "correlationVector":"whK5XTc8Blv/LadGBjIkcp","action":"Initial GetUpdates", "result":"", "context":Reason: NEW_CLIENT. cV=whK5XTc8Blv/LadGBjIkcp}
{"logTime": "1218/172741", "correlationVector":"whK5XTc8Blv/LadGBjIkcp.2","action":"GetUpdates Response", "result":"Success", "context":Received 1 update(s). cV=whK5XTc8Blv/LadGBjIkcp.0;server=GENERAL01000004;cloudType=Consumer;environment=Prod_WestEurope_000l;migrationStage=NotStarted}
{"logTime": "1218/172741", "correlationVector":"DeIgggoAsXo5mQfdAhVXSY","action":"Initial GetUpdates", "result":"", "context":Reason: NEWLY_SUPPORTED_DATATYPE. cV=DeIgggoAsXo5mQfdAhVXSY}
{"logTime": "1218/172741", "correlationVector":"DeIgggoAsXo5mQfdAhVXSY.1","action":"SyncServerConnectionManagerRequest", "result":"SYNC_SERVER_OK", "context":{"environment":"Prod_WestEurope_x00e", "migrationStage":"NotStarted", "server":"GENERAL0200000T"}}
{"logTime": "1218/172741", "correlationVector":"DeIgggoAsXo5mQfdAhVXSY.2","action":"GetUpdates", "result":"DeleteReceived", "context":{"id":"97069a6d-8bd5-4b36-abe2-c8eb024e9837", "isDeleted:":"true", "version":"1730748386165"}}
{"logTime": "1218/172741", "correlationVector":"DeIgggoAsXo5mQfdAhVXSY.3","action":"GetUpdates Response", "result":"Success", "context":Received 59 update(s). cV=DeIgggoAsXo5mQfdAhVXSY.0;server=GENERAL0200000T;cloudType=Consumer;environment=Prod_WestEurope_x00e;migrationStage=NotStarted}
{"logTime": "1218/172741", "correlationVector":"jSat02/xaCFeJR0Nc6vht9","action":"Normal GetUpdate request", "result":"", "context":cV=jSat02/xaCFeJR0Nc6vht9
Nudged types: Sessions, History
Refresh requested types: Bookmarks, Preferences, Passwords, Autofill Profiles, Autofill, Extensions, Sessions, Extension settings, History Delete Directives, Device Info, User Consents, Send Tab To Self, Web Apps, History, Collection, Edge E Drop, Edge Hub App Usage, Edge Tab Group, Edge Wallet, Encryption Keys}
{"logTime": "1218/172742", "correlationVector":"jSat02/xaCFeJR0Nc6vht9.1","action":"SyncServerConnectionManagerRequest", "result":"SYNC_SERVER_OK", "context":{"environment":"Prod_WestEurope_000l", "migrationStage":"NotStarted", "server":"GENERAL0100001F"}}
{"logTime": "1218/172742", "correlationVector":"jSat02/xaCFeJR0Nc6vht9.2","action":"GetUpdates", "result":"DeleteReceived", "context":{"id":"bf9c0d14-63b4-4da7-bf88-6e3eae0cf016", "isDeleted:":"true", "version":"1734541923302"}}
{"logTime": "1218/172742", "correlationVector":"jSat02/xaCFeJR0Nc6vht9.3","action":"GetUpdates Response", "result":"Success", "context":Received 11 update(s). cV=jSat02/xaCFeJR0Nc6vht9.0;server=GENERAL0100001F;cloudType=Consumer;environment=Prod_WestEurope_000l;migrationStage=NotStarted}
{"logTime": "1218/172742", "correlationVector":"WVy8BcarN4EnmT0u7Sp9Vm","action":"Commit Request", "result":"", "context":Item count: 4
Contributing types: Sessions, History}
{"logTime": "1218/172742", "correlationVector":"WVy8BcarN4EnmT0u7Sp9Vm.1","action":"SyncServerConnectionManagerRequest", "result":"SYNC_SERVER_OK", "context":{"environment":"Prod_WestEurope_000l", "migrationStage":"NotStarted", "server":"GENERAL0100001D"}}
{"logTime": "1218/172742", "correlationVector":"WVy8BcarN4EnmT0u7Sp9Vm.3","action":"Commit.Sessions", "result":"Success", "context":{"id":"51c3c56b-d907-4816-b37c-a6e9c75eec84", "isDeleted":"true", "size":"0", "version":"1734541957912"}}
{"logTime": "1218/172742", "correlationVector":"WVy8BcarN4EnmT0u7Sp9Vm.2","action":"Commit Response", "result":"Success", "context":Result: Success. cV=WVy8BcarN4EnmT0u7Sp9Vm.0;server=GENERAL0100001D;cloudType=Consumer;environment=Prod_WestEurope_000l;migrationStage=NotStarted}
{"logTime": "1218/172812", "correlationVector":"yarejSQndWL1K+My4Z5Qg8","action":"Commit Request", "result":"", "context":Item count: 7
Contributing types: Sessions, History}
{"logTime": "1218/172813", "correlationVector":"yarejSQndWL1K+My4Z5Qg8.1","action":"SyncServerConnectionManagerRequest", "result":"SYNC_SERVER_OK", "context":{"environment":"Prod_WestEurope_000l", "migrationStage":"NotStarted", "server":"GENERAL01000016"}}
{"logTime": "1218/172813", "correlationVector":"yarejSQndWL1K+My4Z5Qg8.2","action":"Commit Response", "result":"Success", "context":Result: Success. cV=yarejSQndWL1K+My4Z5Qg8.0;server=GENERAL01000016;cloudType=Consumer;environment=Prod_WestEurope_000l;migrationStage=NotStarted}
{"logTime": "1218/173002", "correlationVector":"7byvAFHhEHsHfddCHGLYRe","action":"Commit Request", "result":"", "context":Item count: 3
Contributing types: Sessions, History}
{"logTime": "1218/173011", "correlationVector":"7byvAFHhEHsHfddCHGLYRe.1","action":"SyncServerConnectionManagerRequest", "result":"SYNC_SERVER_OK", "context":{"environment":"Prod_WestEurope_000l", "migrationStage":"NotStarted", "server":"GENERAL0100001I"}}
{"logTime": "1218/173011", "correlationVector":"7byvAFHhEHsHfddCHGLYRe.2","action":"Commit Response", "result":"Success", "context":Result: Success. cV=7byvAFHhEHsHfddCHGLYRe.0;server=GENERAL0100001I;cloudType=Consumer;environment=Prod_WestEurope_000l;migrationStage=NotStarted}
{"logTime": "1218/173238", "correlationVector":"+bOZwEHAzT1gD7XRQVu0Fg","action":"Normal GetUpdate request", "result":"", "context":cV=+bOZwEHAzT1gD7XRQVu0Fg
Refresh requested types: Bookmarks, Preferences, Passwords, Autofill Profiles, Autofill, Extensions, Sessions, Extension settings, History Delete Directives, Device Info, User Consents, Send Tab To Self, Web Apps, History, Collection, Edge E Drop, Edge Hub App Usage, Edge Tab Group, Edge Wallet, Encryption Keys}
{"logTime": "1218/173239", "correlationVector":"+bOZwEHAzT1gD7XRQVu0Fg.1","action":"SyncServerConnectionManagerRequest", "result":"SYNC_SERVER_OK", "context":{"environment":"Prod_WestEurope_000l", "migrationStage":"NotStarted", "server":"GENERAL0100000J"}}
{"logTime": "1218/173239", "correlationVector":"+bOZwEHAzT1gD7XRQVu0Fg.2","action":"GetUpdates", "result":"DeleteReceived", "context":{"id":"51c3c56b-d907-4816-b37c-a6e9c75eec84", "isDeleted:":"true", "version":"1734542861391"}}
{"logTime": "1218/173239", "correlationVector":"+bOZwEHAzT1gD7XRQVu0Fg.3","action":"GetUpdates Response", "result":"Success", "context":Received 11 update(s). cV=+bOZwEHAzT1gD7XRQVu0Fg.0;server=GENERAL0100000J;cloudType=Consumer;environment=Prod_WestEurope_000l;migrationStage=NotStarted}
{"logTime": "1218/173239", "correlationVector":"KWtqZIG45bvwCpOoc2t+Pp","action":"DoCompareDataConsistency requsted types: ", "result":"Bookmarks, Preferences, Passwords, Extensions, Extension settings, History Delete Directives, Send Tab To Self, Web Apps, History, Collection, Edge E Drop, Edge Tab Group, Edge Wallet, Encryption Keys"}
{"logTime": "1218/173239", "correlationVector":"KWtqZIG45bvwCpOoc2t+Pp.0","action":"CompareDataConsistency result: ", "result":"Compare result: Encryption Keys is consistent. local entities count is: 1 local entities hash is: EoCwr4tt0RXVQRhGK5N9irQXx1E="}
{"logTime": "1218/173239", "correlationVector":"KWtqZIG45bvwCpOoc2t+Pp.1","action":"CompareDataConsistency result: ", "result":"Compare result: Bookmarks is consistent. local entities count is: 4 local entities hash is: spPYpr3dF8DBz/adyHWoa2ZEr/g="}
{"logTime": "1218/173239", "correlationVector":"KWtqZIG45bvwCpOoc2t+Pp.2","action":"CompareDataConsistency result: ", "result":"Compare result: Preferences is consistent. local entities count is: 54 local entities hash is: 70svxe0RPiBn9nX7ExcxGiRWYXk="}
{"logTime": "1218/173239", "correlationVector":"KWtqZIG45bvwCpOoc2t+Pp.3","action":"CompareDataConsistency result: ", "result":"Compare result: Extensions is consistent. local entities count is: 0 local entities hash is: "}
{"logTime": "1218/173239", "correlationVector":"KWtqZIG45bvwCpOoc2t+Pp.4","action":"CompareDataConsistency result: ", "result":"Compare result: Extension settings is consistent. local entities count is: 0 local entities hash is: "}
{"logTime": "1218/173239", "correlationVector":"KWtqZIG45bvwCpOoc2t+Pp.5","action":"CompareDataConsistency result: ", "result":"Compare result: History Delete Directives is consistent. local entities count is: 0 local entities hash is: "}
{"logTime": "1218/173239", "correlationVector":"KWtqZIG45bvwCpOoc2t+Pp.6","action":"CompareDataConsistency result: ", "result":"Server did not send this Send Tab To Self local entities count is: 0 local entities hash is: "}
{"logTime": "1218/173239", "correlationVector":"KWtqZIG45bvwCpOoc2t+Pp.7","action":"CompareDataConsistency result: ", "result":"Compare result: Web Apps is consistent. local entities count is: 0 local entities hash is: "}
{"logTime": "1218/173239", "correlationVector":"KWtqZIG45bvwCpOoc2t+Pp.8","action":"CompareDataConsistency result: ", "result":"Server did not send this History local entities count is: 0 local entities hash is: "}
{"logTime": "1218/173239", "correlationVector":"KWtqZIG45bvwCpOoc2t+Pp.9","action":"CompareDataConsistency result: ", "result":"Compare result: Collection is consistent. local entities count is: 0 local entities hash is: "}
{"logTime": "1218/173239", "correlationVector":"KWtqZIG45bvwCpOoc2t+Pp.10","action":"CompareDataConsistency result: ", "result":"Compare result: Edge E Drop is consistent. local entities count is: 0 local entities hash is: "}
{"logTime": "1218/173239", "correlationVector":"KWtqZIG45bvwCpOoc2t+Pp.11","action":"CompareDataConsistency result: ", "result":"Compare result: Edge Tab Group is consistent. local entities count is: 0 local entities hash is: "}
{"logTime": "1218/173239", "correlationVector":"KWtqZIG45bvwCpOoc2t+Pp.12","action":"CompareDataConsistency result: ", "result":"Compare result: Edge Wallet is consistent. local entities count is: 0 local entities hash is: "}
{"logTime": "1218/173239", "correlationVector":"KWtqZIG45bvwCpOoc2t+Pp.13","action":"CompareDataConsistency result: ", "result":"Compare result: Passwords is consistent. local entities count is: 58 local entities hash is: 6/298pN8PcdolozsLfSHYop6Pqs="}
{"logTime": "1218/173239", "correlationVector":"","action":"DIAGNOSTIC_REQUEST|v1/diagnosticData/Diagnostic.SendCheckResult()|SUCCESS", "result":""}
{"logTime": "1218/173514", "correlationVector":"Lgb31xzos5uYlLNZeO/mb8","action":"Commit Request", "result":"", "context":Item count: 3
Contributing types: Sessions, History}
{"logTime": "1218/173515", "correlationVector":"Lgb31xzos5uYlLNZeO/mb8.1","action":"SyncServerConnectionManagerRequest", "result":"SYNC_SERVER_OK", "context":{"environment":"Prod_WestEurope_000l", "migrationStage":"NotStarted", "server":"GENERAL0100001B"}}
{"logTime": "1218/173515", "correlationVector":"Lgb31xzos5uYlLNZeO/mb8.2","action":"Commit Response", "result":"Success", "context":Result: Success. cV=Lgb31xzos5uYlLNZeO/mb8.0;server=GENERAL0100001B;cloudType=Consumer;environment=Prod_WestEurope_000l;migrationStage=NotStarted}
{"logTime": "1218/174141", "correlationVector":"H/b68qj0op+jB+wwcM/cpx","action":"Commit Request", "result":"", "context":Item count: 3
Contributing types: Sessions, History}
{"logTime": "1218/174141", "correlationVector":"H/b68qj0op+jB+wwcM/cpx.1","action":"SyncServerConnectionManagerRequest", "result":"SYNC_SERVER_OK", "context":{"environment":"Prod_WestEurope_000l", "migrationStage":"NotStarted", "server":"GENERAL0100000Q"}}
{"logTime": "1218/174141", "correlationVector":"H/b68qj0op+jB+wwcM/cpx.2","action":"Commit Response", "result":"Success", "context":Result: Success. cV=H/b68qj0op+jB+wwcM/cpx.0;server=GENERAL0100000Q;cloudType=Consumer;environment=Prod_WestEurope_000l;migrationStage=NotStarted}
